---------------- Program launching ---------------
----------------- Generating log -----------------
Time: 2023-04-20 16:34:44
Program Version: AFR v8.0
PC System info: 
    System: Windows
    Node: StevenLi-DESKTOP
    Version: 10.0.19044
    Machine: AMD64
    Processor: Intel64 Family 6 Model 158 Stepping 10, GenuineIntel

-------------- User recalibrating leaderboard --------------

---------------- Fetching event result data ----------------

Fetching race result data......

Fetching race driector data......

--------------------- END fetching data --------------------



---------------------- Compute points ----------------------

-------------- Updating A1-Australia -------------

Total: 17 drivers

UPDATE: driverLeaderBoard A1-AUS-SebOne......
UPDATE: constructorsLeaderBoard A1-AUS-SebOne......

UPDATE: driverLeaderBoard A1-AUS-shotsbaldwin......
UPDATE: constructorsLeaderBoard A1-AUS-shotsbaldwin......

UPDATE: driverLeaderBoard A1-AUS-zbk......
UPDATE: constructorsLeaderBoard A1-AUS-zbk......

UPDATE: driverLeaderBoard A1-AUS-mushimu......
UPDATE: constructorsLeaderBoard A1-AUS-mushimu......

UPDATE: driverLeaderBoard A1-AUS-Quick Nick......
UPDATE: constructorsLeaderBoard A1-AUS-Quick Nick......

UPDATE: driverLeaderBoard A1-AUS-Liyuu_......
UPDATE: constructorsLeaderBoard A1-AUS-Liyuu_......

UPDATE: driverLeaderBoard A1-AUS-Wang.BC......
UPDATE: constructorsLeaderBoard A1-AUS-Wang.BC......

UPDATE: driverLeaderBoard A1-AUS-Alick......
UPDATE: constructorsLeaderBoard A1-AUS-Alick......

UPDATE: driverLeaderBoard A1-AUS-ZghosT......
UPDATE: constructorsLeaderBoard A1-AUS-ZghosT......

UPDATE: driverLeaderBoard A1-AUS-Pyplant......
UPDATE: constructorsLeaderBoard A1-AUS-Pyplant......

UPDATE: driverLeaderBoard A1-AUS-Ayanami......
UPDATE: constructorsLeaderBoard A1-AUS-Ayanami......

UPDATE: driverLeaderBoard A1-AUS-K......
UPDATE: constructorsLeaderBoard A1-AUS-K......

UPDATE: driverLeaderBoard A1-AUS-SHZ......
UPDATE: constructorsLeaderBoard A1-AUS-SHZ......

UPDATE: driverLeaderBoard A1-AUS-Gotoh Hitori......
UPDATE: constructorsLeaderBoard A1-AUS-Gotoh Hitori......

UPDATE: driverLeaderBoard A1-AUS-Dirk......
UPDATE: constructorsLeaderBoard A1-AUS-Dirk......

UPDATE: driverLeaderBoard A1-AUS-bomber-20......
UPDATE: constructorsLeaderBoard A1-AUS-bomber-20......

UPDATE: driverLeaderBoard A1-AUS-Head brother......
UPDATE: constructorsLeaderBoard A1-AUS-Head brother......

UPDATE: poleraceFL A1-AUS
UPDATE: pole A1-AUS-SebOne-Fishing Man
UPDATE: raceFL A1-AUS-Ayanami-A2-0

-------------- Updating A2-Australia -------------

Total: 19 drivers

UPDATE: driverLeaderBoard A2-AUS-HanyueYY......
UPDATE: constructorsLeaderBoard A2-AUS-HanyueYY......

UPDATE: driverLeaderBoard A2-AUS-Fernando Vettel......
UPDATE: constructorsLeaderBoard A2-AUS-Fernando Vettel......

UPDATE: driverLeaderBoard A2-AUS-Jatifi......
UPDATE: constructorsLeaderBoard A2-AUS-Jatifi......

UPDATE: driverLeaderBoard A2-AUS-Ijichi Nijika......
UPDATE: constructorsLeaderBoard A2-AUS-Ijichi Nijika......

UPDATE: driverLeaderBoard A2-AUS-YakumoCC......
UPDATE: constructorsLeaderBoard A2-AUS-YakumoCC......

UPDATE: driverLeaderBoard A2-AUS-LandoRicciardo......
UPDATE: constructorsLeaderBoard A2-AUS-LandoRicciardo......

UPDATE: driverLeaderBoard A2-AUS-Y......
UPDATE: constructorsLeaderBoard A2-AUS-Y......

UPDATE: driverLeaderBoard A2-AUS-Tako......
UPDATE: constructorsLeaderBoard A2-AUS-Tako......

UPDATE: driverLeaderBoard A2-AUS-Ayanami......
UPDATE: constructorsLeaderBoard A2-AUS-Ayanami......

UPDATE: driverLeaderBoard A2-AUS-HarrisonWang......
UPDATE: constructorsLeaderBoard A2-AUS-HarrisonWang......

UPDATE: driverLeaderBoard A2-AUS-625......
UPDATE: constructorsLeaderBoard A2-AUS-625......

UPDATE: driverLeaderBoard A2-AUS-AQI......
UPDATE: constructorsLeaderBoard A2-AUS-AQI......

UPDATE: driverLeaderBoard A2-AUS-Ayane......
UPDATE: constructorsLeaderBoard A2-AUS-Ayane......

UPDATE: driverLeaderBoard A2-AUS-Lucylsy......
UPDATE: constructorsLeaderBoard A2-AUS-Lucylsy......

UPDATE: driverLeaderBoard A2-AUS-RainBow......
UPDATE: constructorsLeaderBoard A2-AUS-RainBow......

UPDATE: driverLeaderBoard A2-AUS-Satoshi......
UPDATE: constructorsLeaderBoard A2-AUS-Satoshi......

UPDATE: driverLeaderBoard A2-AUS-Salt Fish......
UPDATE: constructorsLeaderBoard A2-AUS-Salt Fish......

UPDATE: driverLeaderBoard A2-AUS-Gotoh Hitori......
UPDATE: constructorsLeaderBoard A2-AUS-Gotoh Hitori......

UPDATE: driverLeaderBoard A2-AUS-WANWANJU......
UPDATE: constructorsLeaderBoard A2-AUS-WANWANJU......

UPDATE: poleraceFL A2-AUS
UPDATE: pole A2-AUS-Ijichi Nijika-Starry
UPDATE: raceFL A2-AUS-Ayanami-Kaoda Racing-1

-------------- Updating A3-Australia -------------

Total: 9 drivers

UPDATE: driverLeaderBoard A3-AUS-625......
UPDATE: constructorsLeaderBoard A3-AUS-625......

UPDATE: driverLeaderBoard A3-AUS-Tako......
UPDATE: constructorsLeaderBoard A3-AUS-Tako......

UPDATE: driverLeaderBoard A3-AUS-SHENLAN......
UPDATE: constructorsLeaderBoard A3-AUS-SHENLAN......

UPDATE: driverLeaderBoard A3-AUS-PandaPenguin......
UPDATE: constructorsLeaderBoard A3-AUS-PandaPenguin......

UPDATE: driverLeaderBoard A3-AUS-DINI......
UPDATE: constructorsLeaderBoard A3-AUS-DINI......

UPDATE: driverLeaderBoard A3-AUS-dapang......
UPDATE: constructorsLeaderBoard A3-AUS-dapang......

UPDATE: driverLeaderBoard A3-AUS-Brucelan......
UPDATE: constructorsLeaderBoard A3-AUS-Brucelan......

UPDATE: driverLeaderBoard A3-AUS-Ayane......
UPDATE: constructorsLeaderBoard A3-AUS-Ayane......

UPDATE: driverLeaderBoard A3-AUS-L3VI......
UPDATE: constructorsLeaderBoard A3-AUS-L3VI......

UPDATE: poleraceFL A3-AUS
UPDATE: pole A3-AUS-Ayane-Reserve
UPDATE: raceFL A3-AUS-Tako-Reserve-1

------------ Updating A1-Saudi Arabia ------------

Total: 17 drivers

UPDATE: driverLeaderBoard A1-SAU-SebOne......
UPDATE: constructorsLeaderBoard A1-SAU-SebOne......

UPDATE: driverLeaderBoard A1-SAU-bomber-20......
UPDATE: constructorsLeaderBoard A1-SAU-bomber-20......

UPDATE: driverLeaderBoard A1-SAU-mushimu......
UPDATE: constructorsLeaderBoard A1-SAU-mushimu......

UPDATE: driverLeaderBoard A1-SAU-zbk......
UPDATE: constructorsLeaderBoard A1-SAU-zbk......

UPDATE: driverLeaderBoard A1-SAU-Alick......
UPDATE: constructorsLeaderBoard A1-SAU-Alick......

UPDATE: driverLeaderBoard A1-SAU-Wang.BC......
UPDATE: constructorsLeaderBoard A1-SAU-Wang.BC......

UPDATE: driverLeaderBoard A1-SAU-Quick Nick......
UPDATE: constructorsLeaderBoard A1-SAU-Quick Nick......

UPDATE: driverLeaderBoard A1-SAU-Gotoh Hitori......
UPDATE: constructorsLeaderBoard A1-SAU-Gotoh Hitori......

UPDATE: driverLeaderBoard A1-SAU-ZghosT......
UPDATE: constructorsLeaderBoard A1-SAU-ZghosT......

UPDATE: driverLeaderBoard A1-SAU-TripleIce......
UPDATE: constructorsLeaderBoard A1-SAU-TripleIce......

UPDATE: driverLeaderBoard A1-SAU-Ayanami......
UPDATE: constructorsLeaderBoard A1-SAU-Ayanami......

UPDATE: driverLeaderBoard A1-SAU-Pyplant......
UPDATE: constructorsLeaderBoard A1-SAU-Pyplant......

UPDATE: driverLeaderBoard A1-SAU-SHZ......
UPDATE: constructorsLeaderBoard A1-SAU-SHZ......

UPDATE: driverLeaderBoard A1-SAU-BBNIZI......
UPDATE: constructorsLeaderBoard A1-SAU-BBNIZI......

UPDATE: driverLeaderBoard A1-SAU-Liyuu_......
UPDATE: constructorsLeaderBoard A1-SAU-Liyuu_......

UPDATE: driverLeaderBoard A1-SAU-K......
UPDATE: constructorsLeaderBoard A1-SAU-K......

UPDATE: driverLeaderBoard A1-SAU-Mercedes-HUO......
UPDATE: constructorsLeaderBoard A1-SAU-Mercedes-HUO......

UPDATE: poleraceFL A1-SAU
UPDATE: pole A1-SAU-SebOne-Fishing Man
UPDATE: raceFL A1-SAU-Pyplant-Reserve-0

------------ Updating A2-Saudi Arabia ------------

Total: 20 drivers

UPDATE: driverLeaderBoard A2-SAU-HanyueYY......
UPDATE: constructorsLeaderBoard A2-SAU-HanyueYY......

UPDATE: driverLeaderBoard A2-SAU-HarrisonWang......
UPDATE: constructorsLeaderBoard A2-SAU-HarrisonWang......

UPDATE: driverLeaderBoard A2-SAU-Ijichi Nijika......
UPDATE: constructorsLeaderBoard A2-SAU-Ijichi Nijika......

UPDATE: driverLeaderBoard A2-SAU-Ayanami......
UPDATE: constructorsLeaderBoard A2-SAU-Ayanami......

UPDATE: driverLeaderBoard A2-SAU-YakumoCC......
UPDATE: constructorsLeaderBoard A2-SAU-YakumoCC......

UPDATE: driverLeaderBoard A2-SAU-Fernando Vettel......
UPDATE: constructorsLeaderBoard A2-SAU-Fernando Vettel......

UPDATE: driverLeaderBoard A2-SAU-g eight......
UPDATE: constructorsLeaderBoard A2-SAU-g eight......

UPDATE: driverLeaderBoard A2-SAU-Y......
UPDATE: constructorsLeaderBoard A2-SAU-Y......

UPDATE: driverLeaderBoard A2-SAU-Tako......
UPDATE: constructorsLeaderBoard A2-SAU-Tako......

UPDATE: driverLeaderBoard A2-SAU-LandoRicciardo......
UPDATE: constructorsLeaderBoard A2-SAU-LandoRicciardo......

UPDATE: driverLeaderBoard A2-SAU-HerBoy......
UPDATE: constructorsLeaderBoard A2-SAU-HerBoy......

UPDATE: driverLeaderBoard A2-SAU-Salt Fish......
UPDATE: constructorsLeaderBoard A2-SAU-Salt Fish......

UPDATE: driverLeaderBoard A2-SAU-RainBow......
UPDATE: constructorsLeaderBoard A2-SAU-RainBow......

UPDATE: driverLeaderBoard A2-SAU-magpie......
UPDATE: constructorsLeaderBoard A2-SAU-magpie......

UPDATE: driverLeaderBoard A2-SAU-Jatifi......
UPDATE: constructorsLeaderBoard A2-SAU-Jatifi......

UPDATE: driverLeaderBoard A2-SAU-TripleIce......
UPDATE: constructorsLeaderBoard A2-SAU-TripleIce......

UPDATE: driverLeaderBoard A2-SAU-GG bond......
UPDATE: constructorsLeaderBoard A2-SAU-GG bond......

UPDATE: driverLeaderBoard A2-SAU-625......
UPDATE: constructorsLeaderBoard A2-SAU-625......

UPDATE: driverLeaderBoard A2-SAU-M4......
UPDATE: constructorsLeaderBoard A2-SAU-M4......

UPDATE: driverLeaderBoard A2-SAU-dapang......
UPDATE: constructorsLeaderBoard A2-SAU-dapang......

UPDATE: poleraceFL A2-SAU
UPDATE: pole A2-SAU-HanyueYY-Starry
UPDATE: raceFL A2-SAU-magpie-Infinityracing-0

------------ Updating A3-Saudi Arabia ------------

Total: 10 drivers

UPDATE: driverLeaderBoard A3-SAU-625......
UPDATE: constructorsLeaderBoard A3-SAU-625......

UPDATE: driverLeaderBoard A3-SAU-Tako......
UPDATE: constructorsLeaderBoard A3-SAU-Tako......

UPDATE: driverLeaderBoard A3-SAU-Shim......
UPDATE: constructorsLeaderBoard A3-SAU-Shim......

UPDATE: driverLeaderBoard A3-SAU-Whale Fall......
UPDATE: constructorsLeaderBoard A3-SAU-Whale Fall......

UPDATE: driverLeaderBoard A3-SAU-DINI......
UPDATE: constructorsLeaderBoard A3-SAU-DINI......

UPDATE: driverLeaderBoard A3-SAU-PandaPenguin......
UPDATE: constructorsLeaderBoard A3-SAU-PandaPenguin......

UPDATE: driverLeaderBoard A3-SAU-dapang......
UPDATE: constructorsLeaderBoard A3-SAU-dapang......

UPDATE: driverLeaderBoard A3-SAU-SHENLAN......
UPDATE: constructorsLeaderBoard A3-SAU-SHENLAN......

UPDATE: driverLeaderBoard A3-SAU-Garfield......
UPDATE: constructorsLeaderBoard A3-SAU-Garfield......

UPDATE: driverLeaderBoard A3-SAU-Brucelan......
UPDATE: constructorsLeaderBoard A3-SAU-Brucelan......

UPDATE: poleraceFL A3-SAU
UPDATE: pole A3-SAU-625-Reserve
UPDATE: raceFL A3-SAU-Whale Fall-Reserve-1

------------- Updating A1-San Marino -------------

Total: 16 drivers

UPDATE: driverLeaderBoard A1-SMR-shotsbaldwin......
UPDATE: constructorsLeaderBoard A1-SMR-shotsbaldwin......

UPDATE: driverLeaderBoard A1-SMR-Wang.BC......
UPDATE: constructorsLeaderBoard A1-SMR-Wang.BC......

UPDATE: driverLeaderBoard A1-SMR-SebOne......
UPDATE: constructorsLeaderBoard A1-SMR-SebOne......

UPDATE: driverLeaderBoard A1-SMR-Quick Nick......
UPDATE: constructorsLeaderBoard A1-SMR-Quick Nick......

UPDATE: driverLeaderBoard A1-SMR-bomber-20......
UPDATE: constructorsLeaderBoard A1-SMR-bomber-20......

UPDATE: driverLeaderBoard A1-SMR-mushimu......
UPDATE: constructorsLeaderBoard A1-SMR-mushimu......

UPDATE: driverLeaderBoard A1-SMR-Ayanami......
UPDATE: constructorsLeaderBoard A1-SMR-Ayanami......

UPDATE: driverLeaderBoard A1-SMR-Alick......
UPDATE: constructorsLeaderBoard A1-SMR-Alick......

UPDATE: driverLeaderBoard A1-SMR-Pyplant......
UPDATE: constructorsLeaderBoard A1-SMR-Pyplant......

UPDATE: driverLeaderBoard A1-SMR-ZghosT......
UPDATE: constructorsLeaderBoard A1-SMR-ZghosT......

UPDATE: driverLeaderBoard A1-SMR-K......
UPDATE: constructorsLeaderBoard A1-SMR-K......

UPDATE: driverLeaderBoard A1-SMR-zbk......
UPDATE: constructorsLeaderBoard A1-SMR-zbk......

UPDATE: driverLeaderBoard A1-SMR-Head brother......
UPDATE: constructorsLeaderBoard A1-SMR-Head brother......

UPDATE: driverLeaderBoard A1-SMR-Dirk......
UPDATE: constructorsLeaderBoard A1-SMR-Dirk......

UPDATE: driverLeaderBoard A1-SMR-Liyuu_......
UPDATE: constructorsLeaderBoard A1-SMR-Liyuu_......

UPDATE: driverLeaderBoard A1-SMR-Gotoh Hitori......
UPDATE: constructorsLeaderBoard A1-SMR-Gotoh Hitori......

UPDATE: poleraceFL A1-SMR
UPDATE: pole A1-SMR-shotsbaldwin-G8
UPDATE: raceFL A1-SMR-shotsbaldwin-G8-1

------------- Updating A2-San Marino -------------

Total: 15 drivers

UPDATE: driverLeaderBoard A2-SMR-Ayanami......
UPDATE: constructorsLeaderBoard A2-SMR-Ayanami......

UPDATE: driverLeaderBoard A2-SMR-LandoRicciardo......
UPDATE: constructorsLeaderBoard A2-SMR-LandoRicciardo......

UPDATE: driverLeaderBoard A2-SMR-HanyueYY......
UPDATE: constructorsLeaderBoard A2-SMR-HanyueYY......

UPDATE: driverLeaderBoard A2-SMR-YakumoCC......
UPDATE: constructorsLeaderBoard A2-SMR-YakumoCC......

UPDATE: driverLeaderBoard A2-SMR-HerBoy......
UPDATE: constructorsLeaderBoard A2-SMR-HerBoy......

UPDATE: driverLeaderBoard A2-SMR-HarrisonWang......
UPDATE: constructorsLeaderBoard A2-SMR-HarrisonWang......

UPDATE: driverLeaderBoard A2-SMR-Tako......
UPDATE: constructorsLeaderBoard A2-SMR-Tako......

UPDATE: driverLeaderBoard A2-SMR-Y......
UPDATE: constructorsLeaderBoard A2-SMR-Y......

UPDATE: driverLeaderBoard A2-SMR-Gotoh Hitori......
UPDATE: constructorsLeaderBoard A2-SMR-Gotoh Hitori......

UPDATE: driverLeaderBoard A2-SMR-RainBow......
UPDATE: constructorsLeaderBoard A2-SMR-RainBow......

UPDATE: driverLeaderBoard A2-SMR-AQI......
UPDATE: constructorsLeaderBoard A2-SMR-AQI......

UPDATE: driverLeaderBoard A2-SMR-Lancelot......
UPDATE: constructorsLeaderBoard A2-SMR-Lancelot......

UPDATE: driverLeaderBoard A2-SMR-magpie......
UPDATE: constructorsLeaderBoard A2-SMR-magpie......

UPDATE: driverLeaderBoard A2-SMR-ye......
UPDATE: constructorsLeaderBoard A2-SMR-ye......

UPDATE: driverLeaderBoard A2-SMR-Satoshi......
UPDATE: constructorsLeaderBoard A2-SMR-Satoshi......

UPDATE: poleraceFL A2-SMR
UPDATE: pole A2-SMR-HanyueYY-Starry
UPDATE: raceFL A2-SMR-HarrisonWang-Infinityracing-1

------------- Updating A3-San Marino -------------

Total: 8 drivers

UPDATE: driverLeaderBoard A3-SMR-Shim......
UPDATE: constructorsLeaderBoard A3-SMR-Shim......

UPDATE: driverLeaderBoard A3-SMR-Tako......
UPDATE: constructorsLeaderBoard A3-SMR-Tako......

UPDATE: driverLeaderBoard A3-SMR-dapang......
UPDATE: constructorsLeaderBoard A3-SMR-dapang......

UPDATE: driverLeaderBoard A3-SMR-PandaPenguin......
UPDATE: constructorsLeaderBoard A3-SMR-PandaPenguin......

UPDATE: driverLeaderBoard A3-SMR-SHENLAN......
UPDATE: constructorsLeaderBoard A3-SMR-SHENLAN......

UPDATE: driverLeaderBoard A3-SMR-DINI......
UPDATE: constructorsLeaderBoard A3-SMR-DINI......

UPDATE: driverLeaderBoard A3-SMR-Garfield......
UPDATE: constructorsLeaderBoard A3-SMR-Garfield......

UPDATE: driverLeaderBoard A3-SMR-WANWANJU......
UPDATE: constructorsLeaderBoard A3-SMR-WANWANJU......

UPDATE: poleraceFL A3-SMR
UPDATE: pole A3-SMR-Tako-Reserve
UPDATE: raceFL A3-SMR-Shim-Reserve-1

---------------- Updating A1-Miami ---------------

Total: 12 drivers

UPDATE: driverLeaderBoard A1-MIA-shotsbaldwin......
UPDATE: constructorsLeaderBoard A1-MIA-shotsbaldwin......

UPDATE: driverLeaderBoard A1-MIA-Quick Nick......
UPDATE: constructorsLeaderBoard A1-MIA-Quick Nick......

UPDATE: driverLeaderBoard A1-MIA-mushimu......
UPDATE: constructorsLeaderBoard A1-MIA-mushimu......

UPDATE: driverLeaderBoard A1-MIA-Wang.BC......
UPDATE: constructorsLeaderBoard A1-MIA-Wang.BC......

UPDATE: driverLeaderBoard A1-MIA-zbk......
UPDATE: constructorsLeaderBoard A1-MIA-zbk......

UPDATE: driverLeaderBoard A1-MIA-Dirk......
UPDATE: constructorsLeaderBoard A1-MIA-Dirk......

UPDATE: driverLeaderBoard A1-MIA-Head brother......
UPDATE: constructorsLeaderBoard A1-MIA-Head brother......

UPDATE: driverLeaderBoard A1-MIA-Alick......
UPDATE: constructorsLeaderBoard A1-MIA-Alick......

UPDATE: driverLeaderBoard A1-MIA-ZghosT......
UPDATE: constructorsLeaderBoard A1-MIA-ZghosT......

UPDATE: driverLeaderBoard A1-MIA-Ayanami......
UPDATE: constructorsLeaderBoard A1-MIA-Ayanami......

UPDATE: driverLeaderBoard A1-MIA-bomber-20......
UPDATE: constructorsLeaderBoard A1-MIA-bomber-20......

UPDATE: driverLeaderBoard A1-MIA-SHZ......
UPDATE: constructorsLeaderBoard A1-MIA-SHZ......

UPDATE: poleraceFL A1-MIA
UPDATE: pole A1-MIA-mushimu-LIE
UPDATE: raceFL A1-MIA-shotsbaldwin-G8-1

---------------- Updating A2-Miami ---------------

Total: 19 drivers

UPDATE: driverLeaderBoard A2-MIA-YakumoCC......
UPDATE: constructorsLeaderBoard A2-MIA-YakumoCC......

UPDATE: driverLeaderBoard A2-MIA-Jatifi......
UPDATE: constructorsLeaderBoard A2-MIA-Jatifi......

UPDATE: driverLeaderBoard A2-MIA-Tako......
UPDATE: constructorsLeaderBoard A2-MIA-Tako......

UPDATE: driverLeaderBoard A2-MIA-magpie......
UPDATE: constructorsLeaderBoard A2-MIA-magpie......

UPDATE: driverLeaderBoard A2-MIA-HarrisonWang......
UPDATE: constructorsLeaderBoard A2-MIA-HarrisonWang......

UPDATE: driverLeaderBoard A2-MIA-dasu......
UPDATE: constructorsLeaderBoard A2-MIA-dasu......

UPDATE: driverLeaderBoard A2-MIA-LandoRicciardo......
UPDATE: constructorsLeaderBoard A2-MIA-LandoRicciardo......

UPDATE: driverLeaderBoard A2-MIA-Salt Fish......
UPDATE: constructorsLeaderBoard A2-MIA-Salt Fish......

UPDATE: driverLeaderBoard A2-MIA-RainBow......
UPDATE: constructorsLeaderBoard A2-MIA-RainBow......

UPDATE: driverLeaderBoard A2-MIA-HerBoy......
UPDATE: constructorsLeaderBoard A2-MIA-HerBoy......

UPDATE: driverLeaderBoard A2-MIA-Y......
UPDATE: constructorsLeaderBoard A2-MIA-Y......

UPDATE: driverLeaderBoard A2-MIA-Gotoh Hitori......
UPDATE: constructorsLeaderBoard A2-MIA-Gotoh Hitori......

UPDATE: driverLeaderBoard A2-MIA-HanyueYY......
UPDATE: constructorsLeaderBoard A2-MIA-HanyueYY......

UPDATE: driverLeaderBoard A2-MIA-Ayanami......
UPDATE: constructorsLeaderBoard A2-MIA-Ayanami......

UPDATE: driverLeaderBoard A2-MIA-TripleIce......
UPDATE: constructorsLeaderBoard A2-MIA-TripleIce......

UPDATE: driverLeaderBoard A2-MIA-NooooooobNinetyNine......
UPDATE: constructorsLeaderBoard A2-MIA-NooooooobNinetyNine......

UPDATE: driverLeaderBoard A2-MIA-Lancelot......
UPDATE: constructorsLeaderBoard A2-MIA-Lancelot......

UPDATE: driverLeaderBoard A2-MIA-GROSJEAN......
UPDATE: constructorsLeaderBoard A2-MIA-GROSJEAN......

UPDATE: driverLeaderBoard A2-MIA-Meat_Lu......
UPDATE: constructorsLeaderBoard A2-MIA-Meat_Lu......

UPDATE: poleraceFL A2-MIA
UPDATE: pole A2-MIA-Ayanami-Kaoda Racing
UPDATE: raceFL A2-MIA-Gotoh Hitori-Starry-0

---------------- Updating A3-Miami ---------------

Total: 12 drivers

UPDATE: driverLeaderBoard A3-MIA-Shim......
UPDATE: constructorsLeaderBoard A3-MIA-Shim......

UPDATE: driverLeaderBoard A3-MIA-dapang......
UPDATE: constructorsLeaderBoard A3-MIA-dapang......

UPDATE: driverLeaderBoard A3-MIA-Jaduas......
UPDATE: constructorsLeaderBoard A3-MIA-Jaduas......

UPDATE: driverLeaderBoard A3-MIA-Tako......
UPDATE: constructorsLeaderBoard A3-MIA-Tako......

UPDATE: driverLeaderBoard A3-MIA-WANWANJU......
UPDATE: constructorsLeaderBoard A3-MIA-WANWANJU......

UPDATE: driverLeaderBoard A3-MIA-PandaPenguin......
UPDATE: constructorsLeaderBoard A3-MIA-PandaPenguin......

UPDATE: driverLeaderBoard A3-MIA-SHENLAN......
UPDATE: constructorsLeaderBoard A3-MIA-SHENLAN......

UPDATE: driverLeaderBoard A3-MIA-DINI......
UPDATE: constructorsLeaderBoard A3-MIA-DINI......

UPDATE: driverLeaderBoard A3-MIA-Joji......
UPDATE: constructorsLeaderBoard A3-MIA-Joji......

UPDATE: driverLeaderBoard A3-MIA-Garfield......
UPDATE: constructorsLeaderBoard A3-MIA-Garfield......

UPDATE: driverLeaderBoard A3-MIA-Ayane......
UPDATE: constructorsLeaderBoard A3-MIA-Ayane......

UPDATE: driverLeaderBoard A3-MIA-taka10969......
UPDATE: constructorsLeaderBoard A3-MIA-taka10969......

UPDATE: poleraceFL A3-MIA
UPDATE: pole A3-MIA-Shim-Reserve
UPDATE: raceFL A3-MIA-PandaPenguin-Reserve-1

------------- Updating A1-Azerbaijan -------------

Total: 14 drivers

UPDATE: driverLeaderBoard A1-AZE-Wang.BC......
UPDATE: constructorsLeaderBoard A1-AZE-Wang.BC......

UPDATE: driverLeaderBoard A1-AZE-Alick......
UPDATE: constructorsLeaderBoard A1-AZE-Alick......

UPDATE: driverLeaderBoard A1-AZE-K......
UPDATE: constructorsLeaderBoard A1-AZE-K......

UPDATE: driverLeaderBoard A1-AZE-mushimu......
UPDATE: constructorsLeaderBoard A1-AZE-mushimu......

UPDATE: driverLeaderBoard A1-AZE-ZghosT......
UPDATE: constructorsLeaderBoard A1-AZE-ZghosT......

UPDATE: driverLeaderBoard A1-AZE-zbk......
UPDATE: constructorsLeaderBoard A1-AZE-zbk......

UPDATE: driverLeaderBoard A1-AZE-Dirk......
UPDATE: constructorsLeaderBoard A1-AZE-Dirk......

UPDATE: driverLeaderBoard A1-AZE-Quick Nick......
UPDATE: constructorsLeaderBoard A1-AZE-Quick Nick......

UPDATE: driverLeaderBoard A1-AZE-SHMJimmy......
UPDATE: constructorsLeaderBoard A1-AZE-SHMJimmy......

UPDATE: driverLeaderBoard A1-AZE-Ijichi Nijika......
UPDATE: constructorsLeaderBoard A1-AZE-Ijichi Nijika......

UPDATE: driverLeaderBoard A1-AZE-Lucylsy......
UPDATE: constructorsLeaderBoard A1-AZE-Lucylsy......

UPDATE: driverLeaderBoard A1-AZE-Gotoh Hitori......
UPDATE: constructorsLeaderBoard A1-AZE-Gotoh Hitori......

UPDATE: driverLeaderBoard A1-AZE-Head brother......
UPDATE: constructorsLeaderBoard A1-AZE-Head brother......

UPDATE: driverLeaderBoard A1-AZE-bomber-20......
UPDATE: constructorsLeaderBoard A1-AZE-bomber-20......

UPDATE: poleraceFL A1-AZE
UPDATE: pole A1-AZE-Wang.BC-Reserve
UPDATE: raceFL A1-AZE-SHMJimmy-Team NII-0

------------- Updating A2-Azerbaijan -------------

Total: 20 drivers

UPDATE: driverLeaderBoard A2-AZE-Gotoh Hitori......
UPDATE: constructorsLeaderBoard A2-AZE-Gotoh Hitori......

UPDATE: driverLeaderBoard A2-AZE-LandoRicciardo......
UPDATE: constructorsLeaderBoard A2-AZE-LandoRicciardo......

UPDATE: driverLeaderBoard A2-AZE-Ayanami......
UPDATE: constructorsLeaderBoard A2-AZE-Ayanami......

UPDATE: driverLeaderBoard A2-AZE-Salt Fish......
UPDATE: constructorsLeaderBoard A2-AZE-Salt Fish......

UPDATE: driverLeaderBoard A2-AZE-YakumoCC......
UPDATE: constructorsLeaderBoard A2-AZE-YakumoCC......

UPDATE: driverLeaderBoard A2-AZE-SBSDAVET......
UPDATE: constructorsLeaderBoard A2-AZE-SBSDAVET......

UPDATE: driverLeaderBoard A2-AZE-Tako......
UPDATE: constructorsLeaderBoard A2-AZE-Tako......

UPDATE: driverLeaderBoard A2-AZE-AQI......
UPDATE: constructorsLeaderBoard A2-AZE-AQI......

UPDATE: driverLeaderBoard A2-AZE-Meat_Lu......
UPDATE: constructorsLeaderBoard A2-AZE-Meat_Lu......

UPDATE: driverLeaderBoard A2-AZE-RainBow......
UPDATE: constructorsLeaderBoard A2-AZE-RainBow......

UPDATE: driverLeaderBoard A2-AZE-script5enna......
UPDATE: constructorsLeaderBoard A2-AZE-script5enna......

UPDATE: driverLeaderBoard A2-AZE-HarrisonWang......
UPDATE: constructorsLeaderBoard A2-AZE-HarrisonWang......

UPDATE: driverLeaderBoard A2-AZE-Jatifi......
UPDATE: constructorsLeaderBoard A2-AZE-Jatifi......

UPDATE: driverLeaderBoard A2-AZE-Lancelot......
UPDATE: constructorsLeaderBoard A2-AZE-Lancelot......

UPDATE: driverLeaderBoard A2-AZE-Lucylsy......
UPDATE: constructorsLeaderBoard A2-AZE-Lucylsy......

UPDATE: driverLeaderBoard A2-AZE-Christian Horner......
UPDATE: constructorsLeaderBoard A2-AZE-Christian Horner......

UPDATE: driverLeaderBoard A2-AZE-GG bond......
UPDATE: constructorsLeaderBoard A2-AZE-GG bond......

UPDATE: driverLeaderBoard A2-AZE-HanyueYY......
UPDATE: constructorsLeaderBoard A2-AZE-HanyueYY......

UPDATE: driverLeaderBoard A2-AZE-NooooooobNinetyNine......
UPDATE: constructorsLeaderBoard A2-AZE-NooooooobNinetyNine......

UPDATE: driverLeaderBoard A2-AZE-Mahirochan......
UPDATE: constructorsLeaderBoard A2-AZE-Mahirochan......

UPDATE: poleraceFL A2-AZE
UPDATE: pole A2-AZE-LandoRicciardo-Kaoda Racing
UPDATE: raceFL A2-AZE-Tako-A3-1

------------- Updating A3-Azerbaijan -------------

Total: 11 drivers

UPDATE: driverLeaderBoard A3-AZE-Shim......
UPDATE: constructorsLeaderBoard A3-AZE-Shim......

UPDATE: driverLeaderBoard A3-AZE-Christian Horner......
UPDATE: constructorsLeaderBoard A3-AZE-Christian Horner......

UPDATE: driverLeaderBoard A3-AZE-dapang......
UPDATE: constructorsLeaderBoard A3-AZE-dapang......

UPDATE: driverLeaderBoard A3-AZE-Tako......
UPDATE: constructorsLeaderBoard A3-AZE-Tako......

UPDATE: driverLeaderBoard A3-AZE-Jaduas......
UPDATE: constructorsLeaderBoard A3-AZE-Jaduas......

UPDATE: driverLeaderBoard A3-AZE-yeye......
UPDATE: constructorsLeaderBoard A3-AZE-yeye......

UPDATE: driverLeaderBoard A3-AZE-taka10969......
UPDATE: constructorsLeaderBoard A3-AZE-taka10969......

UPDATE: driverLeaderBoard A3-AZE-WANWANJU......
UPDATE: constructorsLeaderBoard A3-AZE-WANWANJU......

UPDATE: driverLeaderBoard A3-AZE-Chris711......
UPDATE: constructorsLeaderBoard A3-AZE-Chris711......

UPDATE: driverLeaderBoard A3-AZE-DINI......
UPDATE: constructorsLeaderBoard A3-AZE-DINI......

UPDATE: driverLeaderBoard A3-AZE-SHENLAN......
UPDATE: constructorsLeaderBoard A3-AZE-SHENLAN......

UPDATE: poleraceFL A3-AZE
UPDATE: pole A3-AZE-Tako-Reserve
UPDATE: raceFL A3-AZE-Tako-Reserve-1

--------------- Updating A1-Canada ---------------

Total: 18 drivers

UPDATE: driverLeaderBoard A1-CAN-Liyuu_......
UPDATE: constructorsLeaderBoard A1-CAN-Liyuu_......

UPDATE: driverLeaderBoard A1-CAN-zbk......
UPDATE: constructorsLeaderBoard A1-CAN-zbk......

UPDATE: driverLeaderBoard A1-CAN-mushimu......
UPDATE: constructorsLeaderBoard A1-CAN-mushimu......

UPDATE: driverLeaderBoard A1-CAN-Quick Nick......
UPDATE: constructorsLeaderBoard A1-CAN-Quick Nick......

UPDATE: driverLeaderBoard A1-CAN-Alick......
UPDATE: constructorsLeaderBoard A1-CAN-Alick......

UPDATE: driverLeaderBoard A1-CAN-HanyueYY......
UPDATE: constructorsLeaderBoard A1-CAN-HanyueYY......

UPDATE: driverLeaderBoard A1-CAN-Suburbanite......
UPDATE: constructorsLeaderBoard A1-CAN-Suburbanite......

UPDATE: driverLeaderBoard A1-CAN-YakumoCC......
UPDATE: constructorsLeaderBoard A1-CAN-YakumoCC......

UPDATE: driverLeaderBoard A1-CAN-K......
UPDATE: constructorsLeaderBoard A1-CAN-K......

UPDATE: driverLeaderBoard A1-CAN-Ayanami......
UPDATE: constructorsLeaderBoard A1-CAN-Ayanami......

UPDATE: driverLeaderBoard A1-CAN-HerBoy......
UPDATE: constructorsLeaderBoard A1-CAN-HerBoy......

UPDATE: driverLeaderBoard A1-CAN-SHMJimmy......
UPDATE: constructorsLeaderBoard A1-CAN-SHMJimmy......

UPDATE: driverLeaderBoard A1-CAN-Y......
UPDATE: constructorsLeaderBoard A1-CAN-Y......

UPDATE: driverLeaderBoard A1-CAN-Head brother......
UPDATE: constructorsLeaderBoard A1-CAN-Head brother......

UPDATE: driverLeaderBoard A1-CAN-Tako......
UPDATE: constructorsLeaderBoard A1-CAN-Tako......

UPDATE: driverLeaderBoard A1-CAN-LandoRicciardo......
UPDATE: constructorsLeaderBoard A1-CAN-LandoRicciardo......

UPDATE: driverLeaderBoard A1-CAN-Gotoh Hitori......
UPDATE: constructorsLeaderBoard A1-CAN-Gotoh Hitori......

UPDATE: driverLeaderBoard A1-CAN-KirosY......
UPDATE: constructorsLeaderBoard A1-CAN-KirosY......

UPDATE: poleraceFL A1-CAN
UPDATE: pole A1-CAN-zbk-dnf
UPDATE: raceFL A1-CAN-Head brother-dnf-0

--------------- Updating A2-Canada ---------------

Total: 19 drivers

UPDATE: driverLeaderBoard A2-CAN-LandoRicciardo......
UPDATE: constructorsLeaderBoard A2-CAN-LandoRicciardo......

UPDATE: driverLeaderBoard A2-CAN-Tako......
UPDATE: constructorsLeaderBoard A2-CAN-Tako......

UPDATE: driverLeaderBoard A2-CAN-HarrisonWang......
UPDATE: constructorsLeaderBoard A2-CAN-HarrisonWang......

UPDATE: driverLeaderBoard A2-CAN-SBSDAVET......
UPDATE: constructorsLeaderBoard A2-CAN-SBSDAVET......

UPDATE: driverLeaderBoard A2-CAN-Meat_Lu......
UPDATE: constructorsLeaderBoard A2-CAN-Meat_Lu......

UPDATE: driverLeaderBoard A2-CAN-Jatifi......
UPDATE: constructorsLeaderBoard A2-CAN-Jatifi......

UPDATE: driverLeaderBoard A2-CAN-Satoshi......
UPDATE: constructorsLeaderBoard A2-CAN-Satoshi......

UPDATE: driverLeaderBoard A2-CAN-AQI......
UPDATE: constructorsLeaderBoard A2-CAN-AQI......

UPDATE: driverLeaderBoard A2-CAN-RainBow......
UPDATE: constructorsLeaderBoard A2-CAN-RainBow......

UPDATE: driverLeaderBoard A2-CAN-GG bond......
UPDATE: constructorsLeaderBoard A2-CAN-GG bond......

UPDATE: driverLeaderBoard A2-CAN-Salt Fish......
UPDATE: constructorsLeaderBoard A2-CAN-Salt Fish......

UPDATE: driverLeaderBoard A2-CAN-Fernando Vettel......
UPDATE: constructorsLeaderBoard A2-CAN-Fernando Vettel......

UPDATE: driverLeaderBoard A2-CAN-NooooooobNinetyNine......
UPDATE: constructorsLeaderBoard A2-CAN-NooooooobNinetyNine......

UPDATE: driverLeaderBoard A2-CAN-DdAMX......
UPDATE: constructorsLeaderBoard A2-CAN-DdAMX......

UPDATE: driverLeaderBoard A2-CAN-JDMdd......
UPDATE: constructorsLeaderBoard A2-CAN-JDMdd......

UPDATE: driverLeaderBoard A2-CAN-PandaPenguin......
UPDATE: constructorsLeaderBoard A2-CAN-PandaPenguin......

UPDATE: driverLeaderBoard A2-CAN-DINI......
UPDATE: constructorsLeaderBoard A2-CAN-DINI......

UPDATE: driverLeaderBoard A2-CAN-GROSJEAN......
UPDATE: constructorsLeaderBoard A2-CAN-GROSJEAN......

UPDATE: driverLeaderBoard A2-CAN-M4......
UPDATE: constructorsLeaderBoard A2-CAN-M4......

UPDATE: poleraceFL A2-CAN
UPDATE: pole A2-CAN-LandoRicciardo-Kaoda Racing
UPDATE: raceFL A2-CAN-Salt Fish-Racing Point-0

--------------- Updating A3-Canada ---------------

Total: 9 drivers

UPDATE: driverLeaderBoard A3-CAN-Garfield......
UPDATE: constructorsLeaderBoard A3-CAN-Garfield......

UPDATE: driverLeaderBoard A3-CAN-Jaduas......
UPDATE: constructorsLeaderBoard A3-CAN-Jaduas......

UPDATE: driverLeaderBoard A3-CAN-Kimmich......
UPDATE: constructorsLeaderBoard A3-CAN-Kimmich......

UPDATE: driverLeaderBoard A3-CAN-dapang......
UPDATE: constructorsLeaderBoard A3-CAN-dapang......

UPDATE: driverLeaderBoard A3-CAN-DINI......
UPDATE: constructorsLeaderBoard A3-CAN-DINI......

UPDATE: driverLeaderBoard A3-CAN-Brucelan......
UPDATE: constructorsLeaderBoard A3-CAN-Brucelan......

UPDATE: driverLeaderBoard A3-CAN-taka10969......
UPDATE: constructorsLeaderBoard A3-CAN-taka10969......

UPDATE: driverLeaderBoard A3-CAN-Christian Horner......
UPDATE: constructorsLeaderBoard A3-CAN-Christian Horner......

UPDATE: driverLeaderBoard A3-CAN-Shim......
UPDATE: constructorsLeaderBoard A3-CAN-Shim......

UPDATE: poleraceFL A3-CAN
UPDATE: pole A3-CAN-Jaduas-Reserve
UPDATE: raceFL A3-CAN-Jaduas-Reserve-1

--------------- Updating A1-France ---------------

Total: 19 drivers

UPDATE: driverLeaderBoard A1-FRA-shotsbaldwin......
UPDATE: constructorsLeaderBoard A1-FRA-shotsbaldwin......

UPDATE: driverLeaderBoard A1-FRA-Quick Nick......
UPDATE: constructorsLeaderBoard A1-FRA-Quick Nick......

UPDATE: driverLeaderBoard A1-FRA-SHZ......
UPDATE: constructorsLeaderBoard A1-FRA-SHZ......

UPDATE: driverLeaderBoard A1-FRA-Wang.BC......
UPDATE: constructorsLeaderBoard A1-FRA-Wang.BC......

UPDATE: driverLeaderBoard A1-FRA-YakumoCC......
UPDATE: constructorsLeaderBoard A1-FRA-YakumoCC......

UPDATE: driverLeaderBoard A1-FRA-SHMJimmy......
UPDATE: constructorsLeaderBoard A1-FRA-SHMJimmy......

UPDATE: driverLeaderBoard A1-FRA-Ayanami......
UPDATE: constructorsLeaderBoard A1-FRA-Ayanami......

UPDATE: driverLeaderBoard A1-FRA-Tako......
UPDATE: constructorsLeaderBoard A1-FRA-Tako......

UPDATE: driverLeaderBoard A1-FRA-zbk......
UPDATE: constructorsLeaderBoard A1-FRA-zbk......

UPDATE: driverLeaderBoard A1-FRA-mushimu......
UPDATE: constructorsLeaderBoard A1-FRA-mushimu......

UPDATE: driverLeaderBoard A1-FRA-HanyueYY......
UPDATE: constructorsLeaderBoard A1-FRA-HanyueYY......

UPDATE: driverLeaderBoard A1-FRA-Gotoh Hitori......
UPDATE: constructorsLeaderBoard A1-FRA-Gotoh Hitori......

UPDATE: driverLeaderBoard A1-FRA-Alick......
UPDATE: constructorsLeaderBoard A1-FRA-Alick......

UPDATE: driverLeaderBoard A1-FRA-K......
UPDATE: constructorsLeaderBoard A1-FRA-K......

UPDATE: driverLeaderBoard A1-FRA-KirosY......
UPDATE: constructorsLeaderBoard A1-FRA-KirosY......

UPDATE: driverLeaderBoard A1-FRA-TripleIce......
UPDATE: constructorsLeaderBoard A1-FRA-TripleIce......

UPDATE: driverLeaderBoard A1-FRA-Y......
UPDATE: constructorsLeaderBoard A1-FRA-Y......

UPDATE: driverLeaderBoard A1-FRA-ZghosT......
UPDATE: constructorsLeaderBoard A1-FRA-ZghosT......

UPDATE: driverLeaderBoard A1-FRA-SebOne......
UPDATE: constructorsLeaderBoard A1-FRA-SebOne......

UPDATE: poleraceFL A1-FRA
UPDATE: pole A1-FRA-shotsbaldwin-G8
UPDATE: raceFL A1-FRA-shotsbaldwin-G8-1

--------------- Updating A2-France ---------------

Total: 20 drivers

UPDATE: driverLeaderBoard A2-FRA-magpie......
UPDATE: constructorsLeaderBoard A2-FRA-magpie......

UPDATE: driverLeaderBoard A2-FRA-Fernando Vettel......
UPDATE: constructorsLeaderBoard A2-FRA-Fernando Vettel......

UPDATE: driverLeaderBoard A2-FRA-Salt Fish......
UPDATE: constructorsLeaderBoard A2-FRA-Salt Fish......

UPDATE: driverLeaderBoard A2-FRA-LandoRicciardo......
UPDATE: constructorsLeaderBoard A2-FRA-LandoRicciardo......

UPDATE: driverLeaderBoard A2-FRA-HarrisonWang......
UPDATE: constructorsLeaderBoard A2-FRA-HarrisonWang......

UPDATE: driverLeaderBoard A2-FRA-DdAMX......
UPDATE: constructorsLeaderBoard A2-FRA-DdAMX......

UPDATE: driverLeaderBoard A2-FRA-KARLS......
UPDATE: constructorsLeaderBoard A2-FRA-KARLS......

UPDATE: driverLeaderBoard A2-FRA-Kimmich......
UPDATE: constructorsLeaderBoard A2-FRA-Kimmich......

UPDATE: driverLeaderBoard A2-FRA-Tako......
UPDATE: constructorsLeaderBoard A2-FRA-Tako......

UPDATE: driverLeaderBoard A2-FRA-SBSDAVET......
UPDATE: constructorsLeaderBoard A2-FRA-SBSDAVET......

UPDATE: driverLeaderBoard A2-FRA-Meat_Lu......
UPDATE: constructorsLeaderBoard A2-FRA-Meat_Lu......

UPDATE: driverLeaderBoard A2-FRA-JDMdd......
UPDATE: constructorsLeaderBoard A2-FRA-JDMdd......

UPDATE: driverLeaderBoard A2-FRA-NooooooobNinetyNine......
UPDATE: constructorsLeaderBoard A2-FRA-NooooooobNinetyNine......

UPDATE: driverLeaderBoard A2-FRA-RainBow......
UPDATE: constructorsLeaderBoard A2-FRA-RainBow......

UPDATE: driverLeaderBoard A2-FRA-AQI......
UPDATE: constructorsLeaderBoard A2-FRA-AQI......

UPDATE: driverLeaderBoard A2-FRA-Satoshi......
UPDATE: constructorsLeaderBoard A2-FRA-Satoshi......

UPDATE: driverLeaderBoard A2-FRA-GG bond......
UPDATE: constructorsLeaderBoard A2-FRA-GG bond......

UPDATE: driverLeaderBoard A2-FRA-Jaduas......
UPDATE: constructorsLeaderBoard A2-FRA-Jaduas......

UPDATE: driverLeaderBoard A2-FRA-PandaPenguin......
UPDATE: constructorsLeaderBoard A2-FRA-PandaPenguin......

UPDATE: driverLeaderBoard A2-FRA-Jatifi......
UPDATE: constructorsLeaderBoard A2-FRA-Jatifi......

UPDATE: poleraceFL A2-FRA
UPDATE: pole A2-FRA-magpie-Infinityracing
UPDATE: raceFL A2-FRA-magpie-Infinityracing-1

--------------- Updating A3-France ---------------

Total: 9 drivers

UPDATE: driverLeaderBoard A3-FRA-Shim......
UPDATE: constructorsLeaderBoard A3-FRA-Shim......

UPDATE: driverLeaderBoard A3-FRA-Christian Horner......
UPDATE: constructorsLeaderBoard A3-FRA-Christian Horner......

UPDATE: driverLeaderBoard A3-FRA-dapang......
UPDATE: constructorsLeaderBoard A3-FRA-dapang......

UPDATE: driverLeaderBoard A3-FRA-Kimmich......
UPDATE: constructorsLeaderBoard A3-FRA-Kimmich......

UPDATE: driverLeaderBoard A3-FRA-Garfield......
UPDATE: constructorsLeaderBoard A3-FRA-Garfield......

UPDATE: driverLeaderBoard A3-FRA-Jaduas......
UPDATE: constructorsLeaderBoard A3-FRA-Jaduas......

UPDATE: driverLeaderBoard A3-FRA-Dzzzzzz......
UPDATE: constructorsLeaderBoard A3-FRA-Dzzzzzz......

UPDATE: driverLeaderBoard A3-FRA-taka10969......
UPDATE: constructorsLeaderBoard A3-FRA-taka10969......

UPDATE: driverLeaderBoard A3-FRA-PandaPenguin......
UPDATE: constructorsLeaderBoard A3-FRA-PandaPenguin......

UPDATE: poleraceFL A3-FRA
UPDATE: pole A3-FRA-Christian Horner-Reserve
UPDATE: raceFL A3-FRA-Christian Horner-Reserve-1

--------------- Updating A1-Austria --------------

Total: 17 drivers

UPDATE: driverLeaderBoard A1-AUT-Wang.BC......
UPDATE: constructorsLeaderBoard A1-AUT-Wang.BC......

UPDATE: driverLeaderBoard A1-AUT-mushimu......
UPDATE: constructorsLeaderBoard A1-AUT-mushimu......

UPDATE: driverLeaderBoard A1-AUT-Quick Nick......
UPDATE: constructorsLeaderBoard A1-AUT-Quick Nick......

UPDATE: driverLeaderBoard A1-AUT-Gotoh Hitori......
UPDATE: constructorsLeaderBoard A1-AUT-Gotoh Hitori......

UPDATE: driverLeaderBoard A1-AUT-Alick......
UPDATE: constructorsLeaderBoard A1-AUT-Alick......

UPDATE: driverLeaderBoard A1-AUT-zbk......
UPDATE: constructorsLeaderBoard A1-AUT-zbk......

UPDATE: driverLeaderBoard A1-AUT-625......
UPDATE: constructorsLeaderBoard A1-AUT-625......

UPDATE: driverLeaderBoard A1-AUT-Ijichi Nijika......
UPDATE: constructorsLeaderBoard A1-AUT-Ijichi Nijika......

UPDATE: driverLeaderBoard A1-AUT-TripleIce......
UPDATE: constructorsLeaderBoard A1-AUT-TripleIce......

UPDATE: driverLeaderBoard A1-AUT-Tako......
UPDATE: constructorsLeaderBoard A1-AUT-Tako......

UPDATE: driverLeaderBoard A1-AUT-SHMJimmy......
UPDATE: constructorsLeaderBoard A1-AUT-SHMJimmy......

UPDATE: driverLeaderBoard A1-AUT-Head brother......
UPDATE: constructorsLeaderBoard A1-AUT-Head brother......

UPDATE: driverLeaderBoard A1-AUT-bomber-20......
UPDATE: constructorsLeaderBoard A1-AUT-bomber-20......

UPDATE: driverLeaderBoard A1-AUT-YakumoCC......
UPDATE: constructorsLeaderBoard A1-AUT-YakumoCC......

UPDATE: driverLeaderBoard A1-AUT-ZghosT......
UPDATE: constructorsLeaderBoard A1-AUT-ZghosT......

UPDATE: driverLeaderBoard A1-AUT-Ayanami......
UPDATE: constructorsLeaderBoard A1-AUT-Ayanami......

UPDATE: driverLeaderBoard A1-AUT-HanyueYY......
UPDATE: constructorsLeaderBoard A1-AUT-HanyueYY......

UPDATE: poleraceFL A1-AUT
UPDATE: pole A1-AUT-mushimu-LIE
UPDATE: raceFL A1-AUT-Tako-Reserve-0

--------------- Updating A2-Austria --------------

Total: 20 drivers

UPDATE: driverLeaderBoard A2-AUT-Ijichi Nijika......
UPDATE: constructorsLeaderBoard A2-AUT-Ijichi Nijika......

UPDATE: driverLeaderBoard A2-AUT-Tako......
UPDATE: constructorsLeaderBoard A2-AUT-Tako......

UPDATE: driverLeaderBoard A2-AUT-Fernando Vettel......
UPDATE: constructorsLeaderBoard A2-AUT-Fernando Vettel......

UPDATE: driverLeaderBoard A2-AUT-LandoRicciardo......
UPDATE: constructorsLeaderBoard A2-AUT-LandoRicciardo......

UPDATE: driverLeaderBoard A2-AUT-KARLS......
UPDATE: constructorsLeaderBoard A2-AUT-KARLS......

UPDATE: driverLeaderBoard A2-AUT-DdAMX......
UPDATE: constructorsLeaderBoard A2-AUT-DdAMX......

UPDATE: driverLeaderBoard A2-AUT-JDMdd......
UPDATE: constructorsLeaderBoard A2-AUT-JDMdd......

UPDATE: driverLeaderBoard A2-AUT-Jatifi......
UPDATE: constructorsLeaderBoard A2-AUT-Jatifi......

UPDATE: driverLeaderBoard A2-AUT-script5enna......
UPDATE: constructorsLeaderBoard A2-AUT-script5enna......

UPDATE: driverLeaderBoard A2-AUT-GG bond......
UPDATE: constructorsLeaderBoard A2-AUT-GG bond......

UPDATE: driverLeaderBoard A2-AUT-M4......
UPDATE: constructorsLeaderBoard A2-AUT-M4......

UPDATE: driverLeaderBoard A2-AUT-Lancelot......
UPDATE: constructorsLeaderBoard A2-AUT-Lancelot......

UPDATE: driverLeaderBoard A2-AUT-magpie......
UPDATE: constructorsLeaderBoard A2-AUT-magpie......

UPDATE: driverLeaderBoard A2-AUT-RainBow......
UPDATE: constructorsLeaderBoard A2-AUT-RainBow......

UPDATE: driverLeaderBoard A2-AUT-HarrisonWang......
UPDATE: constructorsLeaderBoard A2-AUT-HarrisonWang......

UPDATE: driverLeaderBoard A2-AUT-TripleIce......
UPDATE: constructorsLeaderBoard A2-AUT-TripleIce......

UPDATE: driverLeaderBoard A2-AUT-Meat_Lu......
UPDATE: constructorsLeaderBoard A2-AUT-Meat_Lu......

UPDATE: driverLeaderBoard A2-AUT-SwordX......
UPDATE: constructorsLeaderBoard A2-AUT-SwordX......

UPDATE: driverLeaderBoard A2-AUT-DINI......
UPDATE: constructorsLeaderBoard A2-AUT-DINI......

UPDATE: driverLeaderBoard A2-AUT-Satoshi......
UPDATE: constructorsLeaderBoard A2-AUT-Satoshi......

UPDATE: poleraceFL A2-AUT
UPDATE: pole A2-AUT-Ijichi Nijika-Starry
UPDATE: raceFL A2-AUT-magpie-Infinityracing-0

--------------- Updating A3-Austria --------------

Total: 12 drivers

UPDATE: driverLeaderBoard A3-AUT-Christian Horner......
UPDATE: constructorsLeaderBoard A3-AUT-Christian Horner......

UPDATE: driverLeaderBoard A3-AUT-Jaduas......
UPDATE: constructorsLeaderBoard A3-AUT-Jaduas......

UPDATE: driverLeaderBoard A3-AUT-Garfield......
UPDATE: constructorsLeaderBoard A3-AUT-Garfield......

UPDATE: driverLeaderBoard A3-AUT-PandaPenguin......
UPDATE: constructorsLeaderBoard A3-AUT-PandaPenguin......

UPDATE: driverLeaderBoard A3-AUT-WANWANJU......
UPDATE: constructorsLeaderBoard A3-AUT-WANWANJU......

UPDATE: driverLeaderBoard A3-AUT-DINI......
UPDATE: constructorsLeaderBoard A3-AUT-DINI......

UPDATE: driverLeaderBoard A3-AUT-taka10969......
UPDATE: constructorsLeaderBoard A3-AUT-taka10969......

UPDATE: driverLeaderBoard A3-AUT-sunshine......
UPDATE: constructorsLeaderBoard A3-AUT-sunshine......

UPDATE: driverLeaderBoard A3-AUT-Dzzzzzz......
UPDATE: constructorsLeaderBoard A3-AUT-Dzzzzzz......

UPDATE: driverLeaderBoard A3-AUT-AMG-Benz......
UPDATE: constructorsLeaderBoard A3-AUT-AMG-Benz......

UPDATE: driverLeaderBoard A3-AUT-Brucelan......
UPDATE: constructorsLeaderBoard A3-AUT-Brucelan......

UPDATE: driverLeaderBoard A3-AUT-dapang......
UPDATE: constructorsLeaderBoard A3-AUT-dapang......

UPDATE: poleraceFL A3-AUT
UPDATE: pole A3-AUT-Christian Horner-Reserve
UPDATE: raceFL A3-AUT-Christian Horner-Reserve-1

------------ Updating A1-driver points -----------

UPDATE: totalpoints A1-SebOne......
UPDATE: totalpoints A1-shotsbaldwin......
UPDATE: totalpoints A1-zbk......
UPDATE: totalpoints A1-mushimu......
UPDATE: totalpoints A1-Quick Nick......
UPDATE: totalpoints A1-Liyuu_......
UPDATE: totalpoints A1-Wang.BC......
UPDATE: totalpoints A1-Alick......
UPDATE: totalpoints A1-ZghosT......
UPDATE: totalpoints A1-Pyplant......
UPDATE: totalpoints A1-Ayanami......
UPDATE: totalpoints A1-K......
UPDATE: totalpoints A1-SHZ......
UPDATE: totalpoints A1-Gotoh Hitori......
UPDATE: totalpoints A1-Dirk......
UPDATE: totalpoints A1-bomber-20......
UPDATE: totalpoints A1-Head brother......
UPDATE: totalpoints A1-TripleIce......
UPDATE: totalpoints A1-BBNIZI......
UPDATE: totalpoints A1-Mercedes-HUO......
UPDATE: totalpoints A1-SHMJimmy......
UPDATE: totalpoints A1-Ijichi Nijika......
UPDATE: totalpoints A1-Lucylsy......
UPDATE: totalpoints A1-HanyueYY......
UPDATE: totalpoints A1-Suburbanite......
UPDATE: totalpoints A1-YakumoCC......
UPDATE: totalpoints A1-HerBoy......
UPDATE: totalpoints A1-Y......
UPDATE: totalpoints A1-Tako......
UPDATE: totalpoints A1-LandoRicciardo......
UPDATE: totalpoints A1-KirosY......
UPDATE: totalpoints A1-625......

------------ Updating A2-driver points -----------

UPDATE: totalpoints A2-HanyueYY......
UPDATE: totalpoints A2-Fernando Vettel......
UPDATE: totalpoints A2-Jatifi......
UPDATE: totalpoints A2-Ijichi Nijika......
UPDATE: totalpoints A2-YakumoCC......
UPDATE: totalpoints A2-LandoRicciardo......
UPDATE: totalpoints A2-Y......
UPDATE: totalpoints A2-Tako......
UPDATE: totalpoints A2-Ayanami......
UPDATE: totalpoints A2-HarrisonWang......
UPDATE: totalpoints A2-625......
UPDATE: totalpoints A2-AQI......
UPDATE: totalpoints A2-Ayane......
UPDATE: totalpoints A2-Lucylsy......
UPDATE: totalpoints A2-RainBow......
UPDATE: totalpoints A2-Satoshi......
UPDATE: totalpoints A2-Salt Fish......
UPDATE: totalpoints A2-Gotoh Hitori......
UPDATE: totalpoints A2-WANWANJU......
UPDATE: totalpoints A2-g eight......
UPDATE: totalpoints A2-HerBoy......
UPDATE: totalpoints A2-magpie......
UPDATE: totalpoints A2-TripleIce......
UPDATE: totalpoints A2-GG bond......
UPDATE: totalpoints A2-M4......
UPDATE: totalpoints A2-dapang......
UPDATE: totalpoints A2-Lancelot......
UPDATE: totalpoints A2-ye......
UPDATE: totalpoints A2-dasu......
UPDATE: totalpoints A2-NooooooobNinetyNine......
UPDATE: totalpoints A2-GROSJEAN......
UPDATE: totalpoints A2-Meat_Lu......
UPDATE: totalpoints A2-SBSDAVET......
UPDATE: totalpoints A2-script5enna......
UPDATE: totalpoints A2-Christian Horner......
UPDATE: totalpoints A2-Mahirochan......
UPDATE: totalpoints A2-DdAMX......
UPDATE: totalpoints A2-JDMdd......
UPDATE: totalpoints A2-PandaPenguin......
UPDATE: totalpoints A2-DINI......
UPDATE: totalpoints A2-KARLS......
UPDATE: totalpoints A2-Kimmich......
UPDATE: totalpoints A2-Jaduas......
UPDATE: totalpoints A2-SwordX......

------------ Updating A3-driver points -----------

UPDATE: totalpoints A3-625......
UPDATE: totalpoints A3-Tako......
UPDATE: totalpoints A3-SHENLAN......
UPDATE: totalpoints A3-PandaPenguin......
UPDATE: totalpoints A3-DINI......
UPDATE: totalpoints A3-dapang......
UPDATE: totalpoints A3-Brucelan......
UPDATE: totalpoints A3-Ayane......
UPDATE: totalpoints A3-L3VI......
UPDATE: totalpoints A3-Shim......
UPDATE: totalpoints A3-Whale Fall......
UPDATE: totalpoints A3-Garfield......
UPDATE: totalpoints A3-WANWANJU......
UPDATE: totalpoints A3-Jaduas......
UPDATE: totalpoints A3-Joji......
UPDATE: totalpoints A3-taka10969......
UPDATE: totalpoints A3-Christian Horner......
UPDATE: totalpoints A3-yeye......
UPDATE: totalpoints A3-Chris711......
UPDATE: totalpoints A3-Kimmich......
UPDATE: totalpoints A3-Dzzzzzz......
UPDATE: totalpoints A3-sunshine......
UPDATE: totalpoints A3-AMG-Benz......

--------- Updating A1-constructors points --------

UPDATE: totalpoints A1-Fishing Man......
UPDATE: totalpoints A1-G8......
UPDATE: totalpoints A1-dnf......
UPDATE: totalpoints A1-LIE......
UPDATE: totalpoints A1-PQR......
UPDATE: totalpoints A1-Reserve......
UPDATE: totalpoints A1-7Z......
UPDATE: totalpoints A1-A2......
UPDATE: totalpoints A1-Team NII......
UPDATE: totalpoints A1-Low Speed Player......
UPDATE: totalpoints A1-Niubility......

--------- Updating A2-constructors points --------

UPDATE: totalpoints A2-Starry......
UPDATE: totalpoints A2-Reserve......
UPDATE: totalpoints A2-Low Speed Player......
UPDATE: totalpoints A2-Kaoda Racing......
UPDATE: totalpoints A2-A3......
UPDATE: totalpoints A2-Infinityracing......
UPDATE: totalpoints A2-Racing Point......
UPDATE: totalpoints A2-FunGame999......
UPDATE: totalpoints A2-Stupid Ferrari......
UPDATE: totalpoints A2-KJ Racing......

--------- Updating A3-constructors points --------

UPDATE: totalpoints A3-Reserve......

---------- Updating pole race FL points ----------

UPDATE: pole A1-Australia-SebOne......
UPDATE: raceFL A1-Australia-Ayanami-1......
UPDATE: pole A1-Saudi Arabia-SebOne......
UPDATE: raceFL A1-Saudi Arabia-Pyplant-1......
UPDATE: pole A1-San Marino-shotsbaldwin......
UPDATE: raceFL A1-San Marino-shotsbaldwin-1......
UPDATE: pole A1-Miami-mushimu......
UPDATE: raceFL A1-Miami-shotsbaldwin-1......
UPDATE: pole A1-Azerbaijan-Wang.BC......
UPDATE: raceFL A1-Azerbaijan-SHMJimmy-1......
UPDATE: pole A1-Canada-zbk......
UPDATE: raceFL A1-Canada-Head brother-1......
UPDATE: pole A1-France-shotsbaldwin......
UPDATE: raceFL A1-France-shotsbaldwin-1......
UPDATE: pole A1-Austria-mushimu......
UPDATE: raceFL A1-Austria-Tako-1......

UPDATE: pole A2-Australia-Ijichi Nijika......
UPDATE: raceFL A2-Australia-Ayanami-1......
UPDATE: pole A2-Saudi Arabia-HanyueYY......
UPDATE: raceFL A2-Saudi Arabia-magpie-1......
UPDATE: pole A2-San Marino-HanyueYY......
UPDATE: raceFL A2-San Marino-HarrisonWang-1......
UPDATE: pole A2-Miami-Ayanami......
UPDATE: raceFL A2-Miami-Gotoh Hitori-1......
UPDATE: pole A2-Azerbaijan-LandoRicciardo......
UPDATE: raceFL A2-Azerbaijan-Tako-1......
UPDATE: pole A2-Canada-LandoRicciardo......
UPDATE: raceFL A2-Canada-Salt Fish-1......
UPDATE: pole A2-France-magpie......
UPDATE: raceFL A2-France-magpie-1......
UPDATE: pole A2-Austria-Ijichi Nijika......
UPDATE: raceFL A2-Austria-magpie-1......

UPDATE: pole A3-Australia-Ayane......
UPDATE: raceFL A3-Australia-Tako-1......
UPDATE: pole A3-Saudi Arabia-625......
UPDATE: raceFL A3-Saudi Arabia-Whale Fall-1......
UPDATE: pole A3-San Marino-Tako......
UPDATE: raceFL A3-San Marino-Shim-1......
UPDATE: pole A3-Miami-Shim......
UPDATE: raceFL A3-Miami-PandaPenguin-1......
UPDATE: pole A3-Azerbaijan-Tako......
UPDATE: raceFL A3-Azerbaijan-Tako-1......
UPDATE: pole A3-Canada-Jaduas......
UPDATE: raceFL A3-Canada-Jaduas-1......
UPDATE: pole A3-France-Christian Horner......
UPDATE: raceFL A3-France-Christian Horner-1......
UPDATE: pole A3-Austria-Christian Horner......
UPDATE: raceFL A3-Austria-Christian Horner-1......

-------------------- END Compute points --------------------



------------------- Updating to database -------------------

Resetting driver leaderboard......
Resetting constructors leaderboard......
Resetting licensePoint......
Resetting qualiraceFL......

UPDATE: driverLeaderBoard A1-SebOne-67......
UPDATE: driverLeaderBoard A1-shotsbaldwin-98......
UPDATE: driverLeaderBoard A1-zbk-74......
UPDATE: driverLeaderBoard A1-mushimu-98......
UPDATE: driverLeaderBoard A1-Quick Nick-95......
UPDATE: driverLeaderBoard A1-Liyuu_-33......
UPDATE: driverLeaderBoard A1-Wang.BC-107......
UPDATE: driverLeaderBoard A1-Alick-60......
UPDATE: driverLeaderBoard A1-ZghosT-17......
UPDATE: driverLeaderBoard A1-Pyplant-3......
UPDATE: driverLeaderBoard A1-Ayanami-14......
UPDATE: driverLeaderBoard A1-K-17......
UPDATE: driverLeaderBoard A1-SHZ-15......
UPDATE: driverLeaderBoard A1-Gotoh Hitori-16......
UPDATE: driverLeaderBoard A1-Dirk-14......
UPDATE: driverLeaderBoard A1-bomber-20-28......
UPDATE: driverLeaderBoard A1-Head brother-6......
UPDATE: driverLeaderBoard A1-TripleIce-3......
UPDATE: driverLeaderBoard A1-BBNIZI-0......
UPDATE: driverLeaderBoard A1-Mercedes-HUO-0......
UPDATE: driverLeaderBoard A1-SHMJimmy-10......
UPDATE: driverLeaderBoard A1-Ijichi Nijika-5......
UPDATE: driverLeaderBoard A1-Lucylsy-0......
UPDATE: driverLeaderBoard A1-HanyueYY-8......
UPDATE: driverLeaderBoard A1-Suburbanite-6......
UPDATE: driverLeaderBoard A1-YakumoCC-14......
UPDATE: driverLeaderBoard A1-HerBoy-0......
UPDATE: driverLeaderBoard A1-Y-0......
UPDATE: driverLeaderBoard A1-Tako-5......
UPDATE: driverLeaderBoard A1-LandoRicciardo-0......
UPDATE: driverLeaderBoard A1-KirosY-0......
UPDATE: driverLeaderBoard A1-625-6......
UPDATE: driverLeaderBoard A2-HanyueYY-67......
UPDATE: driverLeaderBoard A2-Fernando Vettel-59......
UPDATE: driverLeaderBoard A2-Jatifi-45......
UPDATE: driverLeaderBoard A2-Ijichi Nijika-54......
UPDATE: driverLeaderBoard A2-YakumoCC-67......
UPDATE: driverLeaderBoard A2-LandoRicciardo-102......
UPDATE: driverLeaderBoard A2-Y-14......
UPDATE: driverLeaderBoard A2-Tako-72......
UPDATE: driverLeaderBoard A2-Ayanami-56......
UPDATE: driverLeaderBoard A2-HarrisonWang-63......
UPDATE: driverLeaderBoard A2-625-0......
UPDATE: driverLeaderBoard A2-AQI-8......
UPDATE: driverLeaderBoard A2-Ayane-0......
UPDATE: driverLeaderBoard A2-Lucylsy-0......
UPDATE: driverLeaderBoard A2-RainBow-6......
UPDATE: driverLeaderBoard A2-Satoshi-6......
UPDATE: driverLeaderBoard A2-Salt Fish-31......
UPDATE: driverLeaderBoard A2-Gotoh Hitori-27......
UPDATE: driverLeaderBoard A2-WANWANJU-0......
UPDATE: driverLeaderBoard A2-g eight-6......
UPDATE: driverLeaderBoard A2-HerBoy-11......
UPDATE: driverLeaderBoard A2-magpie-39......
UPDATE: driverLeaderBoard A2-TripleIce-0......
UPDATE: driverLeaderBoard A2-GG bond-2......
UPDATE: driverLeaderBoard A2-M4-0......
UPDATE: driverLeaderBoard A2-dapang-0......
UPDATE: driverLeaderBoard A2-Lancelot-0......
UPDATE: driverLeaderBoard A2-ye-0......
UPDATE: driverLeaderBoard A2-dasu-8......
UPDATE: driverLeaderBoard A2-NooooooobNinetyNine-0......
UPDATE: driverLeaderBoard A2-GROSJEAN-0......
UPDATE: driverLeaderBoard A2-Meat_Lu-12......
UPDATE: driverLeaderBoard A2-SBSDAVET-21......
UPDATE: driverLeaderBoard A2-script5enna-2......
UPDATE: driverLeaderBoard A2-Christian Horner-0......
UPDATE: driverLeaderBoard A2-Mahirochan-0......
UPDATE: driverLeaderBoard A2-DdAMX-16......
UPDATE: driverLeaderBoard A2-JDMdd-6......
UPDATE: driverLeaderBoard A2-PandaPenguin-0......
UPDATE: driverLeaderBoard A2-DINI-0......
UPDATE: driverLeaderBoard A2-KARLS-16......
UPDATE: driverLeaderBoard A2-Kimmich-4......
UPDATE: driverLeaderBoard A2-Jaduas-0......
UPDATE: driverLeaderBoard A2-SwordX-0......
UPDATE: driverLeaderBoard A3-625-51......
UPDATE: driverLeaderBoard A3-Tako-82......
UPDATE: driverLeaderBoard A3-SHENLAN-35......
UPDATE: driverLeaderBoard A3-PandaPenguin-53......
UPDATE: driverLeaderBoard A3-DINI-50......
UPDATE: driverLeaderBoard A3-dapang-89......
UPDATE: driverLeaderBoard A3-Brucelan-9......
UPDATE: driverLeaderBoard A3-Ayane-1......
UPDATE: driverLeaderBoard A3-L3VI-0......
UPDATE: driverLeaderBoard A3-Shim-117......
UPDATE: driverLeaderBoard A3-Whale Fall-13......
UPDATE: driverLeaderBoard A3-Garfield-58......
UPDATE: driverLeaderBoard A3-WANWANJU-24......
UPDATE: driverLeaderBoard A3-Jaduas-71......
UPDATE: driverLeaderBoard A3-Joji-0......
UPDATE: driverLeaderBoard A3-taka10969-22......
UPDATE: driverLeaderBoard A3-Christian Horner-65......
UPDATE: driverLeaderBoard A3-yeye-8......
UPDATE: driverLeaderBoard A3-Chris711-0......
UPDATE: driverLeaderBoard A3-Kimmich-27......
UPDATE: driverLeaderBoard A3-Dzzzzzz-8......
UPDATE: driverLeaderBoard A3-sunshine-4......
UPDATE: driverLeaderBoard A3-AMG-Benz-1......

UPDATE: constructorsLeaderBoard A1-AMG-Benz-67......
UPDATE: constructorsLeaderBoard A1-AMG-Benz-115......
UPDATE: constructorsLeaderBoard A1-AMG-Benz-80......
UPDATE: constructorsLeaderBoard A1-AMG-Benz-141......
UPDATE: constructorsLeaderBoard A1-AMG-Benz-155......
UPDATE: constructorsLeaderBoard A1-AMG-Benz-140......
UPDATE: constructorsLeaderBoard A1-AMG-Benz-17......
UPDATE: constructorsLeaderBoard A1-AMG-Benz-22......
UPDATE: constructorsLeaderBoard A1-AMG-Benz-22......
UPDATE: constructorsLeaderBoard A1-AMG-Benz-14......
UPDATE: constructorsLeaderBoard A1-AMG-Benz-7......
UPDATE: constructorsLeaderBoard A2-AMG-Benz-148......
UPDATE: constructorsLeaderBoard A2-AMG-Benz-84......
UPDATE: constructorsLeaderBoard A2-AMG-Benz-81......
UPDATE: constructorsLeaderBoard A2-AMG-Benz-196......
UPDATE: constructorsLeaderBoard A2-AMG-Benz-38......
UPDATE: constructorsLeaderBoard A2-AMG-Benz-102......
UPDATE: constructorsLeaderBoard A2-AMG-Benz-37......
UPDATE: constructorsLeaderBoard A2-AMG-Benz-36......
UPDATE: constructorsLeaderBoard A2-AMG-Benz-23......
UPDATE: constructorsLeaderBoard A2-AMG-Benz-16......
UPDATE: constructorsLeaderBoard A3-AMG-Benz-221......

UPDATE: qualiraceFL A1......
UPDATE: qualiraceFL A2......
UPDATE: qualiraceFL A3......

UPDATE: licensepoint bomber-20-8......
UPDATE: licensepoint Head brother-9......
UPDATE: licensepoint magpie-10......
UPDATE: licensepoint Gotoh Hitori-8......
UPDATE: licensepoint Salt Fish-6......
UPDATE: licensepoint WANWANJU-12......
UPDATE: licensepoint 625-7......
UPDATE: licensepoint Ayane--6......
UPDATE: licensepoint HarrisonWang-7......
UPDATE: licensepoint L3VI-12......
UPDATE: licensepoint Liyuu_-8......
UPDATE: licensepoint SHZ-12......
UPDATE: licensepoint Ayanami-5......
UPDATE: licensepoint dapang-7......
UPDATE: licensepoint Jatifi-4......
UPDATE: licensepoint g eight-12......
UPDATE: licensepoint RainBow-11......
UPDATE: licensepoint DINI-2......
UPDATE: licensepoint Wang.BC-9......
UPDATE: licensepoint shotsbaldwin-12......
UPDATE: licensepoint GROSJEAN-8......
UPDATE: licensepoint Meat_Lu-12......
UPDATE: licensepoint HanyueYY-8......
UPDATE: licensepoint NooooooobNinetyNine-0......
UPDATE: licensepoint HerBoy-0......
UPDATE: licensepoint Lancelot-8......
UPDATE: licensepoint K-12......
UPDATE: licensepoint SHMJimmy-10......
UPDATE: licensepoint Dirk-9......
UPDATE: licensepoint Quick Nick-12......
UPDATE: licensepoint Christian Horner-6......
UPDATE: licensepoint Mahirochan-8......
UPDATE: licensepoint script5enna-8......
UPDATE: licensepoint Jaduas-9......
UPDATE: licensepoint Chris711-8......
UPDATE: licensepoint Satoshi-6......
UPDATE: licensepoint JDMdd-6......
UPDATE: licensepoint GG bond-10......
UPDATE: licensepoint Fernando Vettel-12......
UPDATE: licensepoint PandaPenguin-12......
UPDATE: licensepoint taka10969-10......
UPDATE: licensepoint TripleIce-12......
UPDATE: licensepoint Ijichi Nijika-9......
UPDATE: licensepoint alin-12......

----------------- END Updating to database -----------------



--------------- END recalibrating leaderboard --------------









Program exiting with code 0......

