---------------- Program launching ---------------
----------------- Generating log -----------------
Time: 2023-03-08 03:46:13
Program Version: AFR v8.0 DBmanager
PC System info: 
    System: Windows
    Node: StevenLi-DESKTOP
    Version: 10.0.19044
    Machine: AMD64
    Processor: Intel64 Family 6 Model 158 Stepping 10, GenuineIntel

creating table driverList......
creating table teamList......
creating table raceCalendar......
creating table driverLeaderBoard......
creating table constructorsLeaderBoard......
creating table licensePoint......
creating table qualiResult......
creating table raceResult......
creating table qualiraceFL......
creating table raceDirector......
creating table driverTransfer......
creating table registTable
(
......

Initializing database......

initializing race calendar......
Uploading race: 2022/9/2   A3  巴林        Bahrain.........
Uploading race: 2022/9/9   A3  中秋节       Mid-Aut Fest..........
Uploading race: 2022/9/16  A3  澳大利亚      Australia.........
Uploading race: 2022/9/23  A3  圣马力诺      San Marino.........
Uploading race: 2022/9/30  A3  国庆节       National Day.........
Uploading race: 2022/10/7  A3  国庆节       National Day.........
Uploading race: 2022/10/14 A3  西班牙       Spain.........
Uploading race: 2022/10/21 A3  阿塞拜疆      Azerbaijan.........
Uploading race: 2022/10/28 A3  英国        Britain.........
Uploading race: 2022/11/4  A3  奥地利       Austria.........
Uploading race: 2022/11/11 A3  法国        France.........
Uploading race: 2022/11/18 A3  秋歇        Autumn break.........
Uploading race: 2022/11/25 A3  比利时       Belgium.........
Uploading race: 2022/12/2  A3  荷兰        Netherlands.........
Uploading race: 2022/12/9  A3  新加坡       Singapore.........
Uploading race: 2022/12/16 A3  日本        Japan.........
Uploading race: 2022/12/23 A3  美国        USA.........
Uploading race: 2022/12/30 A3  元旦        New Years Day.........
Uploading race: 2023/1/6   A3  巴西        Brazil.........
Uploading race: 2023/1/13  A3  阿布扎比      Abu Dhabi.........
Uploading race: 2023/1/20  A3  春节        Chinese New Year.........
Uploading race: 2022/9/3   A2  巴林        Bahrain.........
Uploading race: 2022/9/10  A2  中秋节       Mid-Aut Fest..........
Uploading race: 2022/9/17  A2  澳大利亚      Australia.........
Uploading race: 2022/9/24  A2  圣马力诺      San Marino.........
Uploading race: 2022/10/1  A2  国庆节       National Day.........
Uploading race: 2022/10/8  A2  国庆节       National Day.........
Uploading race: 2022/10/15 A2  西班牙       Spain.........
Uploading race: 2022/10/22 A2  阿塞拜疆      Azerbaijan.........
Uploading race: 2022/10/29 A2  英国        Britain.........
Uploading race: 2022/11/5  A2  奥地利       Austria.........
Uploading race: 2022/11/12 A2  法国        France.........
Uploading race: 2022/11/19 A2  秋歇        Autumn break.........
Uploading race: 2022/11/26 A2  比利时       Belgium.........
Uploading race: 2022/12/3  A2  荷兰        Netherlands.........
Uploading race: 2022/12/10 A2  新加坡       Singapore.........
Uploading race: 2022/12/17 A2  日本        Japan.........
Uploading race: 2022/12/24 A2  美国        USA.........
Uploading race: 2022/12/31 A2  元旦        New Years Day.........
Uploading race: 2023/1/7   A2  巴西        Brazil.........
Uploading race: 2023/1/14  A2  阿布扎比      Abu Dhabi.........
Uploading race: 2023/1/21  A2  春节        Chinese New Year.........
Uploading race: 2022/9/4   A1  巴林        Bahrain.........
Uploading race: 2022/9/11  A1  中秋节       Mid-Aut Fest..........
Uploading race: 2022/9/18  A1  澳大利亚      Australia.........
Uploading race: 2022/9/25  A1  圣马力诺      San Marino.........
Uploading race: 2022/10/2  A1  国庆节       National Day.........
Uploading race: 2022/10/9  A1  国庆节       National Day.........
Uploading race: 2022/10/16 A1  西班牙       Spain.........
Uploading race: 2022/10/23 A1  阿塞拜疆      Azerbaijan.........
Uploading race: 2022/10/30 A1  英国        Britain.........
Uploading race: 2022/11/6  A1  奥地利       Austria.........
Uploading race: 2022/11/13 A1  法国        France.........
Uploading race: 2022/11/20 A1  秋歇        Autumn break.........
Uploading race: 2022/11/27 A1  比利时       Belgium.........
Uploading race: 2022/12/4  A1  荷兰        Netherlands.........
Uploading race: 2022/12/11 A1  新加坡       Singapore.........
Uploading race: 2022/12/18 A1  日本        Japan.........
Uploading race: 2022/12/25 A1  美国        USA.........
Uploading race: 2023/1/1   A1  元旦        New Years Day.........
Uploading race: 2023/1/8   A1  巴西        Brazil.........
Uploading race: 2023/1/15  A1  阿布扎比      Abu Dhabi.........
Uploading race: 2023/1/22  A1  春节        Chinese New Year.........

User choose not to initialize constructors leaderboard
User choose not to initialize LANusername table
initialze driver and constructor leaderboard.........
inserting column BHR
inserting column AUS
inserting column SMR
inserting column ESP
inserting column AZE
inserting column GBR
inserting column AUT
inserting column FRA
inserting column BEL
inserting column NLD
inserting column SGP
inserting column JPN
inserting column USA
inserting column BRA
inserting column UAE

initialize qualirace FL table.........

season/database initialization complete!!!

Program exiting with code 0......





