---------------- Program launching ---------------
----------------- Generating log -----------------
Time: 2023-04-21 18:36:36
Program Version: AFR v8.1 (beta)
PC System info: 
    System: Windows
    Node: StevenLi-DESKTOP
    Version: 10.0.19044
    Machine: AMD64
    Processor: Intel64 Family 6 Model 158 Stepping 10, GenuineIntel

------------ User downloading LAN userlist Table -----------

Exporting LAN userlist table to file "AFR LAN账号列表.xlsx"......

------------------ Exporting LAN userlist ------------------

Fetching LAN userlist......

Writing LAN user -ACTIVE......
Writing LAN user 12-STANDBY FOR CHECKING......
Writing LAN user 188066-ACTIVE......
Writing LAN user 333-ACTIVE......
Writing LAN user 625-STANDBY FOR CHECKING......
Writing LAN user ad-STANDBY FOR CHECKING......
Writing LAN user afr_public-DEFAULT......
Writing LAN user afr_race-DEFAULT......
Writing LAN user afr_reserve1-DEFAULT......
Writing LAN user afr_reserve2-DEFAULT......
Writing LAN user afr_reserve3-DEFAULT......
Writing LAN user afr_reserve4-DEFAULT......
Writing LAN user afr_reserve5-DEFAULT......
Writing LAN user afr_testing1-DEFAULT......
Writing LAN user afr_testing2-DEFAULT......
Writing LAN user afr_testing3-DEFAULT......
Writing LAN user afr_testing4-DEFAULT......
Writing LAN user afr_testing5-DEFAULT......
Writing LAN user Alick-STANDBY FOR CHECKING......
Writing LAN user alin-STANDBY FOR CHECKING......
Writing LAN user AMGBenz-STANDBY FOR CHECKING......
Writing LAN user AQI-STANDBY FOR CHECKING......
Writing LAN user Asuka-ACTIVE......
Writing LAN user Ayanami-STANDBY FOR CHECKING......
Writing LAN user Ayane-STANDBY FOR CHECKING......
Writing LAN user az-ACTIVE......
Writing LAN user banana-ACTIVE......
Writing LAN user BBNIZI-STANDBY FOR CHECKING......
Writing LAN user bomber20-STANDBY FOR CHECKING......
Writing LAN user Brucelan-STANDBY FOR CHECKING......
Writing LAN user CD61-ACTIVE......
Writing LAN user CharlesJiang-ACTIVE......
Writing LAN user CharlotteAmor-ACTIVE......
Writing LAN user Chris711-STANDBY FOR CHECKING......
Writing LAN user ChristianHorner-STANDBY FOR CHECKING......
Writing LAN user CM401ASM-STANDBY FOR CHECKING......
Writing LAN user Complexy-ACTIVE......
Writing LAN user Corner-ACTIVE......
Writing LAN user dapang-STANDBY FOR CHECKING......
Writing LAN user dasu-STANDBY FOR CHECKING......
Writing LAN user DdAMX-STANDBY FOR CHECKING......
Writing LAN user dddd-STANDBY FOR CHECKING......
Writing LAN user DINI-STANDBY FOR CHECKING......
Writing LAN user Dirk-STANDBY FOR CHECKING......
Writing LAN user Dzzzzzz-STANDBY FOR CHECKING......
Writing LAN user fcy050831-STANDBY FOR CHECKING......
Writing LAN user FernandoVettel-STANDBY FOR CHECKING......
Writing LAN user firezai-RACE COORDINATOR......
Writing LAN user Firress-ACTIVE......
Writing LAN user function-ACTIVE......
Writing LAN user Garfield-STANDBY FOR CHECKING......
Writing LAN user Garland-ACTIVE......
Writing LAN user geight-STANDBY FOR CHECKING......
Writing LAN user GGBond-STANDBY FOR CHECKING......
Writing LAN user Gili-ACTIVE......
Writing LAN user gjznSAX-STANDBY FOR CHECKING......
Writing LAN user Go7D3nWEST999-RACE COORDINATOR......
Writing LAN user GotohHitori-STANDBY FOR CHECKING......
Writing LAN user GrazieSebastian-ACTIVE......
Writing LAN user GROSJEAN-STANDBY FOR CHECKING......
Writing LAN user guagua-RACE COORDINATOR......
Writing LAN user h0nestly-ACTIVE......
Writing LAN user HanyueYY-STANDBY FOR CHECKING......
Writing LAN user Harden-ACTIVE......
Writing LAN user HarrisonWang-STANDBY FOR CHECKING......
Writing LAN user Headbrother-STANDBY FOR CHECKING......
Writing LAN user Heart-STANDBY FOR CHECKING......
Writing LAN user HerBoy-STANDBY FOR CHECKING......
Writing LAN user hhhzw-ACTIVE......
Writing LAN user HiHi-ACTIVE......
Writing LAN user hnestly-ACTIVE......
Writing LAN user i4foru-ACTIVE......
Writing LAN user IjichiNijika-STANDBY FOR CHECKING......
Writing LAN user J1xiaoXian9-STANDBY FOR CHECKING......
Writing LAN user J2RRY-ACTIVE......
Writing LAN user jack-ACTIVE......
Writing LAN user Jaduas-STANDBY FOR CHECKING......
Writing LAN user Jakewislet-ACTIVE......
Writing LAN user Jatifi-STANDBY FOR CHECKING......
Writing LAN user JDMdd-STANDBY FOR CHECKING......
Writing LAN user JerKK-ACTIVE......
Writing LAN user Joji-STANDBY FOR CHECKING......
Writing LAN user K-STANDBY FOR CHECKING......
Writing LAN user KARLS-STANDBY FOR CHECKING......
Writing LAN user Kimmich-STANDBY FOR CHECKING......
Writing LAN user KINGBOB-ACTIVE......
Writing LAN user kirito-RACE COORDINATOR......
Writing LAN user KirosY-STANDBY FOR CHECKING......
Writing LAN user Kogasa-ACTIVE......
Writing LAN user L3VI-STANDBY FOR CHECKING......
Writing LAN user Lancelot-STANDBY FOR CHECKING......
Writing LAN user LandoRicciardo-STANDBY FOR CHECKING......
Writing LAN user Legal-STANDBY FOR CHECKING......
Writing LAN user LFYDLL-STANDBY FOR ADDING......
Writing LAN user LHAM66-STANDBY FOR CHECKING......
Writing LAN user lingerr-ACTIVE......
Writing LAN user LINGJ-ACTIVE......
Writing LAN user littleredhat-ACTIVE......
Writing LAN user Livistar-STANDBY FOR CHECKING......
Writing LAN user Liyuu-STANDBY FOR CHECKING......
Writing LAN user LobsterPigg-STANDBY FOR CHECKING......
Writing LAN user Lucylsy-STANDBY FOR CHECKING......
Writing LAN user Lugo-ACTIVE......
Writing LAN user M4-STANDBY FOR CHECKING......
Writing LAN user magpie-STANDBY FOR CHECKING......
Writing LAN user Mahirochan-STANDBY FOR CHECKING......
Writing LAN user Markisco-ACTIVE......
Writing LAN user MeatLu-STANDBY FOR CHECKING......
Writing LAN user MercedesHUO-STANDBY FOR CHECKING......
Writing LAN user MikeXYL-ACTIVE......
Writing LAN user Mikko-ACTIVE......
Writing LAN user Mushi-ACTIVE......
Writing LAN user mushimu-STANDBY FOR CHECKING......
Writing LAN user Mysery-STANDBY FOR CHECKING......
Writing LAN user N2ya5-STANDBY FOR CHECKING......
Writing LAN user Niraschtoe-ACTIVE......
Writing LAN user NooooooobNinetyNine-STANDBY FOR CHECKING......
Writing LAN user PandaPenguin-STANDBY FOR CHECKING......
Writing LAN user Perfect-ACTIVE......
Writing LAN user PPJACK-ACTIVE......
Writing LAN user Promise-ACTIVE......
Writing LAN user Pyplant-STANDBY FOR CHECKING......
Writing LAN user QuickNick-STANDBY FOR CHECKING......
Writing LAN user RainBow-STANDBY FOR CHECKING......
Writing LAN user Rapture-ACTIVE......
Writing LAN user reggiesun-ACTIVE......
Writing LAN user rigin-ACTIVE......
Writing LAN user RROY-ACTIVE......
Writing LAN user SaltFish-STANDBY FOR CHECKING......
Writing LAN user Satoshi-STANDBY FOR CHECKING......
Writing LAN user SBSDAVET-STANDBY FOR CHECKING......
Writing LAN user script5enna-STANDBY FOR CHECKING......
Writing LAN user SebOne-STANDBY FOR CHECKING......
Writing LAN user SebV5-ACTIVE......
Writing LAN user Seling-STANDBY FOR CHECKING......
Writing LAN user sharkbee-ACTIVE......
Writing LAN user SHENLAN-STANDBY FOR CHECKING......
Writing LAN user Shim-STANDBY FOR CHECKING......
Writing LAN user SHMJimmy-STANDBY FOR CHECKING......
Writing LAN user shotsbaldwin-STANDBY FOR CHECKING......
Writing LAN user SHZ-STANDBY FOR CHECKING......
Writing LAN user STevenL2i-RACE COORDINATOR......
Writing LAN user Suburbanite-STANDBY FOR CHECKING......
Writing LAN user sunshine-STANDBY FOR CHECKING......
Writing LAN user SwordX-STANDBY FOR CHECKING......
Writing LAN user Ta1ko-ACTIVE......
Writing LAN user taka10969-STANDBY FOR CHECKING......
Writing LAN user Tako-STANDBY FOR CHECKING......
Writing LAN user tiankong-ACTIVE......
Writing LAN user tinnycatty809yhb-ACTIVE......
Writing LAN user TkM-STANDBY FOR ADDING......
Writing LAN user TripleIce-STANDBY FOR CHECKING......
Writing LAN user VaxMerstappen-ACTIVE......
Writing LAN user Violet-STANDBY FOR CHECKING......
Writing LAN user W1nsoN2H4-STANDBY FOR CHECKING......
Writing LAN user WackY-ACTIVE......
Writing LAN user WangBC-STANDBY FOR CHECKING......
Writing LAN user WANWANJU-STANDBY FOR CHECKING......
Writing LAN user wen-STANDBY FOR CHECKING......
Writing LAN user WhaleFall-STANDBY FOR CHECKING......
Writing LAN user WilsonLeclerc-RACE COORDINATOR......
Writing LAN user wofa-ACTIVE......
Writing LAN user XtremeHAN-ACTIVE......
Writing LAN user Y-STANDBY FOR CHECKING......
Writing LAN user YakumoCC-STANDBY FOR CHECKING......
Writing LAN user ye-STANDBY FOR CHECKING......
Writing LAN user yeye-STANDBY FOR CHECKING......
Writing LAN user zbk-STANDBY FOR CHECKING......
Writing LAN user ZghosT-STANDBY FOR CHECKING......

--------------------- END LAN userlist ---------------------





LAN userlist table save to file "AFR LAN账号列表.xlsx" complete





------- User downloading registration of today's race ------

Searching for race event information......

Today's race: R07-A1-France

Exporting registration to file AFR R7-A1-法国 报名表.xlsx

---------------- Exporting registration data ---------------

Writing team column header
Writing registration data......
Writing regist: 1-SHMJimmy-2023-04-05 17:44:13......
Writing regist: 2-Gotoh Hitori-2023-04-05 17:44:49......
Writing regist: 3-mushimu-2023-04-05 17:52:24......
Writing regist: 4-Head brother-2023-04-05 18:21:40......
Writing regist: 5-Quick Nick-2023-04-05 18:29:53......
Writing regist: 6-YakumoCC-2023-04-05 21:25:19......
Writing regist: 7-Y-2023-04-05 22:31:28......
Writing regist: 8-K-2023-04-06 08:10:11......
Writing regist: 9-zbk-2023-04-06 13:41:01......
Writing regist: 10-shotsbaldwin-2023-04-06 16:13:34......
Writing regist: 11-Ayanami-2023-04-06 16:24:21......
Writing regist: 12-Alick-2023-04-06 20:20:35......
Writing regist: 13-SebOne-2023-04-06 20:49:10......
Writing regist: 14-HanyueYY-2023-04-07 20:20:38......
Writing regist: 15-SHZ-2023-04-08 15:02:15......
Writing regist: 16-ZghosT-2023-04-08 15:02:26......
Writing regist: 17-dddd-2023-04-08 17:19:27......
Writing regist: 18-KirosY-2023-04-05 17:50:14......
Writing regist: 19-Wang.BC-2023-04-06 12:33:15......
Writing regist: 20-Tako-2023-04-08 10:21:39......
Writing regist: 21-NooooooobNinetyNine-2023-04-08 17:15:39......
Writing regist: 22-TripleIce-2023-04-08 17:39:51......

------------------- END registration data ------------------





Registration save to file "AFR R7-A1-法国 报名表.xlsx" complete











Program exiting with code 0......

