

---------------- Program launching ---------------
----------------- Generating log -----------------
Time: 2022-11-11 16:44:21
Program Version: AFR v7.1
PC System info: 
    System: Darwin
    Node: YY0XC439F6
    Version: Darwin Kernel Version 21.6.0: Wed Aug 10 14:28:23 PDT 2022; root:xnu-8020.141.5~2/RELEASE_ARM64_T6000
    Machine: arm64
    Processor: arm

----------- User downloading Classification Table ----------

Exporting Classification table to file "AFR S10【10.30】英国.xlsx"......

------------------- Exporting driverlist -------------------

Writing driverlist of A1......

Fetching driverlist data of A1-Mercedes AMG......
Writing team title: A1-Mercedes AMG......
Writing driver: A1-CodeMaster Sucks-Suburbanite......
Writing driver: A1-CodeMaster Sucks-RROY......
Writing driver: A1-CodeMaster Sucks-CM401ASM......
Fetching driverlist data of A1-Red Bull Racing......
Writing team title: A1-Red Bull Racing......
Writing driver: A1-Pit Lane Killer-mushimu......
Writing driver: A1-Pit Lane Killer-SHMJimmy......
Writing driver: A1-Pit Lane Killer-Kogasa......
Fetching driverlist data of A1-Ferrari......
Writing team title: A1-Ferrari......
Fetching driverlist data of A1-McLaren......
Writing team title: A1-McLaren......
Fetching driverlist data of A1-Alpine......
Writing team title: A1-Alpine......
Writing driver: A1-QGod-Alick......
Writing driver: A1-QGod-Quick Nick......
Fetching driverlist data of A1-Alpha Tauri......
Writing team title: A1-Alpha Tauri......
Writing driver: A1-DNF-zbk......
Writing driver: A1-DNF-Head brother......
Fetching driverlist data of A1-Aston Martin......
Writing team title: A1-Aston Martin......
Fetching driverlist data of A1-Williams......
Writing team title: A1-Williams......
Writing driver: A1-ABC-bomber-20......
Writing driver: A1-ABC-SHZ......
Fetching driverlist data of A1-Alfa Romeo......
Writing team title: A1-Alfa Romeo......
Fetching driverlist data of A1-Haas......
Writing team title: A1-Haas......
Writing driver: A1-Reserve-LHAM66......
Writing driver: A1-Reserve-wofa......
Writing driver: A1-Reserve-Wilson Leclerc......
Writing driver: A1-Reserve-Seb V5......
Writing driver: A1-Reserve-SBSDAVET......
Writing driver: A1-Reserve-Mysery......
Writing driver: A1-Reserve-Mercedes-HUO......
Writing driver: A1-Reserve-Livistar......
Writing driver: A1-Reserve-333......
Writing driver: A1-Reserve-Legal......
Writing driver: A1-Reserve-Jer.KK......
Writing driver: A1-Reserve-Grazie Sebastian......
Writing driver: A1-Reserve-Gili......
Writing driver: A1-Reserve-az......
Writing driver: A1-Reserve-kirito......
Writing driver: A1-Reserve-Jakewislet......
Writing driver: A1-Reserve-h0nestly......
Writing driver: A1-Reserve-Lucylsy......
Writing driver: A1-Reserve-Rapture......
Writing driver: A1-Reserve-littleredhat......
Writing driver: A1-Reserve-Mushi......
Writing driver: A1-Reserve-Garland......
Writing driver: A1-Reserve-Asuka......
Writing driver: A1-Reserve-banana......
Writing driver: A1-Reserve-shotsbaldwin......


Writing driverlist of A2......

Fetching driverlist data of A2-Mercedes AMG......
Writing team title: A2-Mercedes AMG......
Writing driver: A2-muamua-KINGBOB......
Writing driver: A2-muamua-LINGJ......
Fetching driverlist data of A2-Red Bull Racing......
Writing team title: A2-Red Bull Racing......
Writing driver: A2-NIO333-guagua......
Writing driver: A2-NIO333-STeven L2i......
Fetching driverlist data of A2-Ferrari......
Writing team title: A2-Ferrari......
Writing driver: A2-WOFA C2H6-Ayanami......
Writing driver: A2-WOFA C2H6-firezai......
Writing driver: A2-WOFA C2H6-Mikko......
Fetching driverlist data of A2-McLaren......
Writing team title: A2-McLaren......
Writing driver: A2-High And Alone-tinnycatty809yhb......
Writing driver: A2-High And Alone-Go7D3n WEST 999......
Fetching driverlist data of A2-Alpine......
Writing team title: A2-Alpine......
Writing driver: A2-Low Speed Player-YakumoCC......
Writing driver: A2-Low Speed Player-Y......
Fetching driverlist data of A2-Alpha Tauri......
Writing team title: A2-Alpha Tauri......
Writing driver: A2-Max UJS Racing-Joji......
Writing driver: A2-Max UJS Racing-dasu......
Fetching driverlist data of A2-Aston Martin......
Writing team title: A2-Aston Martin......
Writing driver: A2-j r y-jack......
Writing driver: A2-j r y-RainBow......
Fetching driverlist data of A2-Williams......
Writing team title: A2-Williams......
Fetching driverlist data of A2-Alfa Romeo......
Writing team title: A2-Alfa Romeo......
Writing driver: A2-TOP-ZghosT......
Writing driver: A2-TOP-HanyueYY......
Writing driver: A2-TOP-Charles Jiang......
Fetching driverlist data of A2-Haas......
Writing team title: A2-Haas......
Writing driver: A2-fass-PPJACK......
Writing driver: A2-Reserve-J2RRY......
Writing driver: A2-Reserve-tiankong......
Writing driver: A2-Reserve-reggiesun......
Writing driver: A2-Reserve-magpie......
Writing driver: A2-Reserve-M4......
Writing driver: A2-Reserve-lingerr......
Writing driver: A2-Reserve-hhhzw......
Writing driver: A2-Reserve-g eight......
Writing driver: A2-Reserve-Complexy......
Writing driver: A2-Reserve-Charlotte Amor......
Writing driver: A2-Reserve-CD61......
Writing driver: A2-Reserve-LandoRicciardo......
Writing driver: A2-Reserve-Promise......
Writing driver: A2-Reserve-Harden......
Writing driver: A2-Reserve-Niraschtoe......
Writing driver: A2-Reserve-BBNIZI......
Writing driver: A2-Reserve-GROSJEAN......


Writing driverlist of A3......

Writing driver: A3-Reserve-rigin......
Writing driver: A3-Reserve-yeye......
Writing driver: A3-Reserve-XtremeHAN......
Writing driver: A3-Reserve-VaxMerstappen......
Writing driver: A3-Reserve-taka10969......
Writing driver: A3-Reserve-Ta1ko......
Writing driver: A3-Reserve-188066......
Writing driver: A3-Reserve-Perfect......
Writing driver: A3-Reserve-Mike.XYL......
Writing driver: A3-Reserve-Markisco......
Writing driver: A3-Reserve-Lugo......
Writing driver: A3-Reserve-GG Bond......
Writing driver: A3-Reserve-function......
Writing driver: A3-Reserve-sharkbee......
Writing driver: A3-Reserve-i4foru......
Writing driver: A3-Reserve-WANWANJU......
Writing driver: A3-Reserve-wen......
Writing driver: A3-Reserve-HiHi......
Writing driver: A3-Reserve-Christian Horner......
Writing driver: A3-Reserve-WackY......


---------------------- END driverlist ----------------------





------------------ Exporting race calendar -----------------

Writing race calendar of A1......

Writing GP 2022-09-04 A1-巴林......
Writing GP 2022-09-11 A1-中秋节......
Writing GP 2022-09-18 A1-澳大利亚......
Writing GP 2022-09-25 A1-圣马力诺......
Writing GP 2022-10-02 A1-国庆节......
Writing GP 2022-10-09 A1-国庆节......
Writing GP 2022-10-16 A1-西班牙......
Writing GP 2022-10-23 A1-阿塞拜疆......
Writing GP 2022-10-30 A1-英国......
Writing GP 2022-11-06 A1-奥地利......
Writing GP 2022-11-13 A1-法国......
Writing GP 2022-11-20 A1-秋歇......
Writing GP 2022-11-27 A1-比利时......
Writing GP 2022-12-04 A1-荷兰......
Writing GP 2022-12-11 A1-新加坡......
Writing GP 2022-12-18 A1-日本......
Writing GP 2022-12-25 A1-美国......
Writing GP 2023-01-01 A1-元旦......
Writing GP 2023-01-08 A1-巴西......
Writing GP 2023-01-15 A1-阿布扎比......
Writing GP 2023-01-22 A1-春节......


Writing race calendar of A2......

Writing GP 2022-09-03 A2-巴林......
Writing GP 2022-09-10 A2-中秋节......
Writing GP 2022-09-17 A2-澳大利亚......
Writing GP 2022-09-24 A2-圣马力诺......
Writing GP 2022-10-01 A2-国庆节......
Writing GP 2022-10-08 A2-国庆节......
Writing GP 2022-10-15 A2-西班牙......
Writing GP 2022-10-22 A2-阿塞拜疆......
Writing GP 2022-10-29 A2-英国......
Writing GP 2022-11-05 A2-奥地利......
Writing GP 2022-11-12 A2-法国......
Writing GP 2022-11-19 A2-秋歇......
Writing GP 2022-11-26 A2-比利时......
Writing GP 2022-12-03 A2-荷兰......
Writing GP 2022-12-10 A2-新加坡......
Writing GP 2022-12-17 A2-日本......
Writing GP 2022-12-24 A2-美国......
Writing GP 2022-12-31 A2-元旦......
Writing GP 2023-01-07 A2-巴西......
Writing GP 2023-01-14 A2-阿布扎比......
Writing GP 2023-01-21 A2-春节......


Writing race calendar of A3......

Writing GP 2022-09-02 A3-巴林......
Writing GP 2022-09-09 A3-中秋节......
Writing GP 2022-09-16 A3-澳大利亚......
Writing GP 2022-09-23 A3-圣马力诺......
Writing GP 2022-09-30 A3-国庆节......
Writing GP 2022-10-07 A3-国庆节......
Writing GP 2022-10-14 A3-西班牙......
Writing GP 2022-10-21 A3-阿塞拜疆......
Writing GP 2022-10-28 A3-英国......
Writing GP 2022-11-04 A3-奥地利......
Writing GP 2022-11-11 A3-法国......
Writing GP 2022-11-18 A3-秋歇......
Writing GP 2022-11-25 A3-比利时......
Writing GP 2022-12-02 A3-荷兰......
Writing GP 2022-12-09 A3-新加坡......
Writing GP 2022-12-16 A3-日本......
Writing GP 2022-12-23 A3-美国......
Writing GP 2022-12-30 A3-元旦......
Writing GP 2023-01-06 A3-巴西......
Writing GP 2023-01-13 A3-阿布扎比......
Writing GP 2023-01-20 A3-春节......


--------------------- END race calendar --------------------





--------------- Exporting leaderboard (short) --------------

Writing driver leaderboard (short) of A1......

Fetching driverleaderboard of A1......
Writing driver: 1-CodeMaster Sucks-Suburbanite......
Writing driver: 2-Pit Lane Killer-mushimu......
Writing driver: 3-Reserve-Seb V5......
Writing driver: 4-Reserve-Mushi......
Writing driver: 5-Reserve-az......
Writing driver: 6-QGod-Quick Nick......
Writing driver: 7-DNF-zbk......
Writing driver: 8-CodeMaster Sucks-CM401ASM......
Writing driver: 9-Pit Lane Killer-SHMJimmy......
Writing driver: 10-QGod-Alick......
Writing driver: 11-ABC-bomber-20......
Writing driver: 12-Reserve-Asuka......
Writing driver: 13-Reserve-shotsbaldwin......
Writing driver: 14-Reserve-Lucylsy......
Writing driver: 15-ABC-SHZ......
Writing driver: 16-Reserve-Legal......
Writing driver: 17-Reserve-Livistar......
Writing driver: 18-DNF-Head brother......
Writing driver: 19-Reserve-LHAM66......
Writing driver: 20-Pit Lane Killer-Kogasa......
Writing driver: 21-Reserve-Mysery......
Writing driver: 22-Reserve-wofa......
Writing driver: 23-A2-tinnycatty809yhb......
Writing driver: 24-A2-LandoRicciardo......
Writing driver: 25-CodeMaster Sucks-RROY......
Writing driver: 26-Reserve-Garland......
Writing driver: 27-Reserve-333......
Writing driver: 28-Reserve-Mercedes-HUO......
Writing driver: 29-A2-lingerr......
Writing driver: 30-Reserve-SBSDAVET......
Writing driver: 31-Reserve-Gili......
Writing driver: 32-Reserve-littleredhat......
Writing driver: 33-A2-BBNIZI......
Writing driver: 34-Reserve-Rapture......
Writing driver: 35-Reserve-kirito......
Writing driver: 36-Reserve-banana......
Writing driver: 37-A2-Ayanami......
Writing driver: 38-Reserve-Jer.KK......
Writing driver: 39-Reserve-Jakewislet......
Writing driver: 40-A3-i4foru......
Writing driver: 41-Reserve-h0nestly......
Writing driver: 42-Reserve-Wilson Leclerc......
Writing driver: 43-Reserve-Grazie Sebastian......
Writing driver: 44-A2-Go7D3n WEST 999......

Fetching constructorsleaderboard of A1......
Writing team: 1-A1-CodeMaster Sucks......
Writing team: 2-A1-Pit Lane Killer......
Writing team: 3-A1-QGod......
Writing team: 4-A1-DNF......
Writing team: 5-A1-3b......
Writing team: 6-A1-ABC......


Writing driver leaderboard (short) of A2......

Fetching driverleaderboard of A2......
Writing driver: 1-Low Speed Player-YakumoCC......
Writing driver: 2-WOFA C2H6-Mikko......
Writing driver: 3-TOP-HanyueYY......
Writing driver: 4-j r y-jack......
Writing driver: 5-WOFA C2H6-Ayanami......
Writing driver: 6-Low Speed Player-Y......
Writing driver: 7-TOP-ZghosT......
Writing driver: 8-High And Alone-tinnycatty809yhb......
Writing driver: 9-Reserve-Niraschtoe......
Writing driver: 10-High And Alone-Go7D3n WEST 999......
Writing driver: 11-Reserve-GROSJEAN......
Writing driver: 12-Reserve-magpie......
Writing driver: 13-WOFA C2H6-firezai......
Writing driver: 14-A3-Ta1ko......
Writing driver: 15-muamua-KINGBOB......
Writing driver: 16-muamua-LINGJ......
Writing driver: 17-Reserve-hhhzw......
Writing driver: 18-A1-SHZ......
Writing driver: 19-Reserve-LandoRicciardo......
Writing driver: 20-Reserve-BBNIZI......
Writing driver: 21-A3-Lugo......
Writing driver: 22-TOP-Charles Jiang......
Writing driver: 23-Max UJS Racing-Joji......
Writing driver: 24-j r y-RainBow......
Writing driver: 25-Reserve-lingerr......
Writing driver: 26-A1-Wilson Leclerc......
Writing driver: 27-Reserve-Complexy......
Writing driver: 28-Reserve-tiankong......
Writing driver: 29-Reserve-g eight......
Writing driver: 30-Reserve-CD61......
Writing driver: 31-Reserve-Charlotte Amor......
Writing driver: 32-Max UJS Racing-dasu......
Writing driver: 33-NIO333-STeven L2i......
Writing driver: 34-Reserve-J2RRY......
Writing driver: 35-Reserve-reggiesun......
Writing driver: 36-A1-Lucylsy......
Writing driver: 37-Reserve-Promise......
Writing driver: 38-fass-PPJACK......
Writing driver: 39-NIO333-guagua......
Writing driver: 40-Reserve-Harden......
Writing driver: 41-A3-i4foru......
Writing driver: 42-Reserve-M4......

Fetching constructorsleaderboard of A2......
Writing team: 1-A2-Low Speed Player......
Writing team: 2-A2-WOFA C2H6......
Writing team: 3-A2-TOP......
Writing team: 4-A2-j r y......
Writing team: 5-A2-muamua......
Writing team: 6-A2-Na'as......
Writing team: 7-A2-High And Alone......
Writing team: 8-A2-Team HII......
Writing team: 9-A2-Max UJS Racing......
Writing team: 10-A2-NIO333......
Writing team: 11-A2-fass......


Writing driver leaderboard (short) of A3......

Fetching driverleaderboard of A3......
Writing driver: 1-Reserve-GG Bond......
Writing driver: 2-Reserve-Ta1ko......
Writing driver: 3-Reserve-188066......
Writing driver: 4-Reserve-sharkbee......
Writing driver: 5-A2-g eight......
Writing driver: 6-A2-LandoRicciardo......
Writing driver: 7-A2-magpie......
Writing driver: 8-Reserve-taka10969......
Writing driver: 9-Reserve-yeye......
Writing driver: 10-Reserve-Perfect......
Writing driver: 11-Reserve-wen......
Writing driver: 12-Reserve-WANWANJU......
Writing driver: 13-Reserve-Mike.XYL......
Writing driver: 14-Reserve-WackY......
Writing driver: 15-Reserve-rigin......
Writing driver: 16-Reserve-Markisco......
Writing driver: 17-Reserve-Lugo......
Writing driver: 18-Reserve-VaxMerstappen......
Writing driver: 19-Reserve-i4foru......
Writing driver: 20-Reserve-HiHi......
Writing driver: 21-Reserve-function......
Writing driver: 22-Reserve-XtremeHAN......
Writing driver: 23-Reserve-Christian Horner......

Team feature has been disabled in drivergroup A3

------------------ END leaderboard (short) -----------------





--------------- Exporting driver leaderboard ---------------

Writing driver leaderboard of A1......

Fetching driverleaderboard of A1......
Writing driver: 1-CodeMaster Sucks-Suburbanite......
Writing driver: 2-Pit Lane Killer-mushimu......
Writing driver: 3-Reserve-Seb V5......
Writing driver: 4-Reserve-Mushi......
Writing driver: 5-Reserve-az......
Writing driver: 6-QGod-Quick Nick......
Writing driver: 7-DNF-zbk......
Writing driver: 8-CodeMaster Sucks-CM401ASM......
Writing driver: 9-Pit Lane Killer-SHMJimmy......
Writing driver: 10-QGod-Alick......
Writing driver: 11-ABC-bomber-20......
Writing driver: 12-Reserve-Asuka......
Writing driver: 13-Reserve-shotsbaldwin......
Writing driver: 14-Reserve-Lucylsy......
Writing driver: 15-ABC-SHZ......
Writing driver: 16-Reserve-Legal......
Writing driver: 17-Reserve-Livistar......
Writing driver: 18-DNF-Head brother......
Writing driver: 19-Reserve-LHAM66......
Writing driver: 20-Pit Lane Killer-Kogasa......
Writing driver: 21-Reserve-Mysery......
Writing driver: 22-Reserve-wofa......
Writing driver: 23-A2-tinnycatty809yhb......
Writing driver: 24-A2-LandoRicciardo......
Writing driver: 25-CodeMaster Sucks-RROY......
Writing driver: 26-Reserve-Garland......
Writing driver: 27-Reserve-333......
Writing driver: 28-Reserve-Mercedes-HUO......
Writing driver: 29-A2-lingerr......
Writing driver: 30-Reserve-SBSDAVET......
Writing driver: 31-Reserve-Gili......
Writing driver: 32-Reserve-littleredhat......
Writing driver: 33-A2-BBNIZI......
Writing driver: 34-Reserve-Rapture......
Writing driver: 35-Reserve-kirito......
Writing driver: 36-Reserve-banana......
Writing driver: 37-A2-Ayanami......
Writing driver: 38-Reserve-Jer.KK......
Writing driver: 39-Reserve-Jakewislet......
Writing driver: 40-A3-i4foru......
Writing driver: 41-Reserve-h0nestly......
Writing driver: 42-Reserve-Wilson Leclerc......
Writing driver: 43-Reserve-Grazie Sebastian......
Writing driver: 44-A2-Go7D3n WEST 999......


Writing driver leaderboard of A2......

Fetching driverleaderboard of A2......
Writing driver: 1-Low Speed Player-YakumoCC......
Writing driver: 2-WOFA C2H6-Mikko......
Writing driver: 3-TOP-HanyueYY......
Writing driver: 4-j r y-jack......
Writing driver: 5-WOFA C2H6-Ayanami......
Writing driver: 6-Low Speed Player-Y......
Writing driver: 7-TOP-ZghosT......
Writing driver: 8-High And Alone-tinnycatty809yhb......
Writing driver: 9-Reserve-Niraschtoe......
Writing driver: 10-High And Alone-Go7D3n WEST 999......
Writing driver: 11-Reserve-GROSJEAN......
Writing driver: 12-Reserve-magpie......
Writing driver: 13-WOFA C2H6-firezai......
Writing driver: 14-A3-Ta1ko......
Writing driver: 15-muamua-KINGBOB......
Writing driver: 16-muamua-LINGJ......
Writing driver: 17-Reserve-hhhzw......
Writing driver: 18-A1-SHZ......
Writing driver: 19-Reserve-LandoRicciardo......
Writing driver: 20-Reserve-BBNIZI......
Writing driver: 21-A3-Lugo......
Writing driver: 22-TOP-Charles Jiang......
Writing driver: 23-Max UJS Racing-Joji......
Writing driver: 24-j r y-RainBow......
Writing driver: 25-Reserve-lingerr......
Writing driver: 26-A1-Wilson Leclerc......
Writing driver: 27-Reserve-Complexy......
Writing driver: 28-Reserve-tiankong......
Writing driver: 29-Reserve-g eight......
Writing driver: 30-Reserve-CD61......
Writing driver: 31-Reserve-Charlotte Amor......
Writing driver: 32-Max UJS Racing-dasu......
Writing driver: 33-NIO333-STeven L2i......
Writing driver: 34-Reserve-J2RRY......
Writing driver: 35-Reserve-reggiesun......
Writing driver: 36-A1-Lucylsy......
Writing driver: 37-Reserve-Promise......
Writing driver: 38-fass-PPJACK......
Writing driver: 39-NIO333-guagua......
Writing driver: 40-Reserve-Harden......
Writing driver: 41-A3-i4foru......
Writing driver: 42-Reserve-M4......


Writing driver leaderboard of A3......

Fetching driverleaderboard of A3......
Writing driver: 1-Reserve-GG Bond......
Writing driver: 2-Reserve-Ta1ko......
Writing driver: 3-Reserve-188066......
Writing driver: 4-Reserve-sharkbee......
Writing driver: 5-A2-g eight......
Writing driver: 6-A2-LandoRicciardo......
Writing driver: 7-A2-magpie......
Writing driver: 8-Reserve-taka10969......
Writing driver: 9-Reserve-yeye......
Writing driver: 10-Reserve-Perfect......
Writing driver: 11-Reserve-wen......
Writing driver: 12-Reserve-WANWANJU......
Writing driver: 13-Reserve-Mike.XYL......
Writing driver: 14-Reserve-WackY......
Writing driver: 15-Reserve-rigin......
Writing driver: 16-Reserve-Markisco......
Writing driver: 17-Reserve-Lugo......
Writing driver: 18-Reserve-VaxMerstappen......
Writing driver: 19-Reserve-i4foru......
Writing driver: 20-Reserve-HiHi......
Writing driver: 21-Reserve-function......
Writing driver: 22-Reserve-XtremeHAN......
Writing driver: 23-Reserve-Christian Horner......


------------------ END driver leaderboard ------------------





------------ Exporting constructors leaderboard ------------

Writing constructors leaderboard of A1......

Fetching constructorsleaderboard of A1......
Writing team: 1-A1-CodeMaster Sucks......
Writing team: 2-A1-Pit Lane Killer......
Writing team: 3-A1-QGod......
Writing team: 4-A1-DNF......
Writing team: 5-A1-3b......
Writing team: 6-A1-ABC......


Writing constructors leaderboard of A2......

Fetching constructorsleaderboard of A2......
Writing team: 1-A2-Low Speed Player......
Writing team: 2-A2-WOFA C2H6......
Writing team: 3-A2-TOP......
Writing team: 4-A2-j r y......
Writing team: 5-A2-muamua......
Writing team: 6-A2-Na'as......
Writing team: 7-A2-High And Alone......
Writing team: 8-A2-Team HII......
Writing team: 9-A2-Max UJS Racing......
Writing team: 10-A2-NIO333......
Writing team: 11-A2-fass......


--------------- END constructors leaderboard ---------------





------------------ Exporting license point -----------------

Writing license point of A1......

Fetching license point of A1......
Writing driver: 1-A1-333......
Writing driver: 2-A1-Alick......
Writing driver: 3-A1-Asuka......
Writing driver: 4-A1-az......
Writing driver: 5-A1-banana......
Writing driver: 6-A1-bomber-20......
Writing driver: 7-A1-CM401ASM......
Writing driver: 8-A1-Garland......
Writing driver: 9-A1-Gili......
Writing driver: 10-A1-Grazie Sebastian......
Writing driver: 11-A1-h0nestly......
Writing driver: 12-A1-Head brother......
Writing driver: 13-A1-Jakewislet......
Writing driver: 14-A1-Jer.KK......
Writing driver: 15-A1-kirito......
Writing driver: 16-A1-Kogasa......
Writing driver: 17-A1-Legal......
Writing driver: 18-A1-LHAM66......
Writing driver: 19-A1-littleredhat......
Writing driver: 20-A1-Livistar......
Writing driver: 21-A1-Lucylsy......
Writing driver: 22-A1-Mercedes-HUO......
Writing driver: 23-A1-Mushi......
Writing driver: 24-A1-mushimu......
Writing driver: 25-A1-Mysery......
Writing driver: 26-A1-Quick Nick......
Writing driver: 27-A1-Rapture......
Writing driver: 28-A1-RROY......
Writing driver: 29-A1-SBSDAVET......
Writing driver: 30-A1-Seb V5......
Writing driver: 31-A1-SHMJimmy......
Writing driver: 32-A1-shotsbaldwin......
Writing driver: 33-A1-SHZ......
Writing driver: 34-A1-Suburbanite......
Writing driver: 35-A1-Wilson Leclerc......
Writing driver: 36-A1-wofa......
Writing driver: 37-A1-zbk......


Writing license point of A2......

Fetching license point of A2......
Writing driver: 1-A2-Ayanami......
Writing driver: 2-A2-BBNIZI......
Writing driver: 3-A2-CD61......
Writing driver: 4-A2-Charles Jiang......
Writing driver: 5-A2-Charlotte Amor......
Writing driver: 6-A2-Complexy......
Writing driver: 7-A2-dasu......
Writing driver: 8-A2-firezai......
Writing driver: 9-A2-g eight......
Writing driver: 10-A2-Go7D3n WEST 999......
Writing driver: 11-A2-GROSJEAN......
Writing driver: 12-A2-guagua......
Writing driver: 13-A2-HanyueYY......
Writing driver: 14-A2-Harden......
Writing driver: 15-A2-hhhzw......
Writing driver: 16-A2-J2RRY......
Writing driver: 17-A2-jack......
Writing driver: 18-A2-Joji......
Writing driver: 19-A2-KINGBOB......
Writing driver: 20-A2-LandoRicciardo......
Writing driver: 21-A2-lingerr......
Writing driver: 22-A2-LINGJ......
Writing driver: 23-A2-M4......
Writing driver: 24-A2-magpie......
Writing driver: 25-A2-Mikko......
Writing driver: 26-A2-Niraschtoe......
Writing driver: 27-A2-PPJACK......
Writing driver: 28-A2-Promise......
Writing driver: 29-A2-RainBow......
Writing driver: 30-A2-reggiesun......
Writing driver: 31-A2-STeven L2i......
Writing driver: 32-A2-tiankong......
Writing driver: 33-A2-tinnycatty809yhb......
Writing driver: 34-A2-Y......
Writing driver: 35-A2-YakumoCC......
Writing driver: 36-A2-ZghosT......


Writing license point of A3......

Fetching license point of A3......
Writing driver: 1-A3-188066......
Writing driver: 2-A3-Christian Horner......
Writing driver: 3-A3-function......
Writing driver: 4-A3-GG Bond......
Writing driver: 5-A3-HiHi......
Writing driver: 6-A3-i4foru......
Writing driver: 7-A3-Lugo......
Writing driver: 8-A3-Markisco......
Writing driver: 9-A3-Mike.XYL......
Writing driver: 10-A3-Perfect......
Writing driver: 11-A3-rigin......
Writing driver: 12-A3-sharkbee......
Writing driver: 13-A3-Ta1ko......
Writing driver: 14-A3-taka10969......
Writing driver: 15-A3-VaxMerstappen......
Writing driver: 16-A3-WackY......
Writing driver: 17-A3-WANWANJU......
Writing driver: 18-A3-wen......
Writing driver: 19-A3-XtremeHAN......
Writing driver: 20-A3-yeye......


--------------------- END license point --------------------





------------------ Exporting race director -----------------

Fetching race director data......

Writing A2-BHR-C01......
Writing A1-BHR-C01......
Writing A1-BHR-C02......
Writing A1-BHR-C03......
Writing A2-AUS-C01......
Writing A2-AUS-C02......
Writing A2-AUS-C03......
Writing A2-AUS-C04......
Writing A2-AUS-C05......
Writing A2-AUS-C06......
Writing A2-AUS-C07......
Writing A2-AUS-C08......
Writing A2-AUS-C09......
Writing A2-AUS-C10......
Writing A1-AUS-C01......
Writing A1-AUS-C02......
Writing A2-SMR-C01......
Writing A2-SMR-C02......
Writing A2-SMR-C03......
Writing A2-SMR-C04......
Writing A2-SMR-C05......
Writing A2-SMR-C06......
Writing A2-SMR-C07......
Writing A1-SMR-C01......
Writing A1-SMR-C02......
Writing A1-SMR-C03......
Writing A3-ESP-C01......
Writing A2-ESP-C01......
Writing A2-ESP-C02......
Writing A2-ESP-C03......
Writing A2-ESP-C04......
Writing A2-ESP-C05......
Writing A1-ESP-C01......
Writing A1-ESP-C02......
Writing A1-ESP-C03......
Writing A1-ESP-C04......
Writing A2-AZE-C01......
Writing A2-AZE-C02......
Writing A2-AZE-C03......
Writing A1-AZE-C01......
Writing A1-AZE-C02......
Writing A1-AZE-C03......
Writing A1-AZE-C04......
Writing A1-AZE-C05......
Writing A2-GBR-C01......
Writing A2-GBR-C02......
Writing A2-GBR-C03......
Writing A1-GBR-C01......
Writing A1-GBR-C02......
Writing A1-GBR-C03......
Writing A1-GBR-C04......

--------------------- END race director --------------------





Classification table save to file "AFR S10【10.30】英国.xlsx" complete





------------- User downloading RaceResult Table ------------
Exporting Race result table to AFR S10 成绩结算（R06 英国）.xlsx......

----------------------------- R01-Bahrain ----------------------------

------------------- A1-Bahrain -------------------

Fetching qualiying data A1-Bahrain......

Writing qualiying record 1-Suburbanite......
Writing qualiying record 2-mushimu......
Writing qualiying record 3-Seb V5......
Writing qualiying record 4-333......
Writing qualiying record 5-SHMJimmy......
Writing qualiying record 6-bomber-20......
Writing qualiying record 7-Legal......
Writing qualiying record 8-Mysery......
Writing qualiying record 9-zbk......
Writing qualiying record 10-Head brother......
Writing qualiying record 11-Kogasa......
Writing qualiying record 12-lingerr......
Writing qualiying record 13-SBSDAVET......
Writing qualiying record 14-RROY......

Fetching race data A1-Bahrain......

Writing race record 1-Suburbanite......
Writing race record 2-mushimu......
Writing race record 3-Seb V5......
Writing race record 4-bomber-20......
Writing race record 5-SHMJimmy......
Writing race record 6-zbk......
Writing race record 7-Mysery......
Writing race record 8-Legal......
Writing race record 9-lingerr......
Writing race record 10-SBSDAVET......
Writing race record 11-Head brother......
Writing race record 12-RROY......
Writing race record 13-Kogasa......
Writing race record 14-333......

Fetching race FL data A1-Bahrain......
Writing race FL data A1-Bahrain......

------------------- A2-Bahrain -------------------

Fetching qualiying data A2-Bahrain......

Writing qualiying record 1-Mikko......
Writing qualiying record 2-SHZ......
Writing qualiying record 3-Ayanami......
Writing qualiying record 4-YakumoCC......
Writing qualiying record 5-tinnycatty809yhb......
Writing qualiying record 6-magpie......
Writing qualiying record 7-Y......
Writing qualiying record 8-M4......
Writing qualiying record 9-Joji......
Writing qualiying record 10-firezai......
Writing qualiying record 11-ZghosT......
Writing qualiying record 12-Lugo......
Writing qualiying record 13-HanyueYY......
Writing qualiying record 14-dasu......
Writing qualiying record 15-tiankong......
Writing qualiying record 16-jack......
Writing qualiying record 17-LINGJ......
Writing qualiying record 18-RainBow......

Fetching race data A2-Bahrain......

Writing race record 1-Mikko......
Writing race record 2-YakumoCC......
Writing race record 3-firezai......
Writing race record 4-ZghosT......
Writing race record 5-HanyueYY......
Writing race record 6-SHZ......
Writing race record 7-jack......
Writing race record 8-Y......
Writing race record 9-Joji......
Writing race record 10-tiankong......
Writing race record 11-LINGJ......
Writing race record 12-dasu......
Writing race record 13-RainBow......
Writing race record 14-Lugo......
Writing race record 15-M4......
Writing race record 16-tinnycatty809yhb......
Writing race record 17-Ayanami......
Writing race record 18-magpie......

Fetching race FL data A2-Bahrain......
Writing race FL data A2-Bahrain......

------------------- A3-Bahrain -------------------

Fetching qualiying data A3-Bahrain......

Writing qualiying record 1-Ta1ko......
Writing qualiying record 2-GG bond......
Writing qualiying record 3-188066......
Writing qualiying record 4-magpie......
Writing qualiying record 5-Perfect......
Writing qualiying record 6-yeye......
Writing qualiying record 7-taka10969......

Fetching race data A3-Bahrain......

Writing race record 1-GG bond......
Writing race record 2-Ta1ko......
Writing race record 3-magpie......
Writing race record 4-188066......
Writing race record 5-Perfect......
Writing race record 6-taka10969......
Writing race record 7-yeye......

Fetching race FL data A3-Bahrain......
Writing race FL data A3-Bahrain......

------------------ Whole-Bahrain -----------------

Fetching qualiying data Whole-Bahrain......

Writing qualiying record 1-Suburbanite......
Writing qualiying record 2-mushimu......
Writing qualiying record 3-Seb V5......
Writing qualiying record 4-333......
Writing qualiying record 5-Mikko......
Writing qualiying record 6-SHMJimmy......
Writing qualiying record 7-bomber-20......
Writing qualiying record 8-Legal......
Writing qualiying record 9-Mysery......
Writing qualiying record 10-SHZ......
Writing qualiying record 11-zbk......
Writing qualiying record 12-Ayanami......
Writing qualiying record 13-Head brother......
Writing qualiying record 14-YakumoCC......
Writing qualiying record 15-tinnycatty809yhb......
Writing qualiying record 16-magpie......
Writing qualiying record 17-Y......
Writing qualiying record 18-Kogasa......
Writing qualiying record 19-M4......
Writing qualiying record 20-Joji......
Writing qualiying record 21-firezai......
Writing qualiying record 22-ZghosT......
Writing qualiying record 23-Lugo......
Writing qualiying record 24-HanyueYY......
Writing qualiying record 25-dasu......
Writing qualiying record 26-tiankong......
Writing qualiying record 27-lingerr......
Writing qualiying record 28-jack......
Writing qualiying record 29-LINGJ......
Writing qualiying record 30-SBSDAVET......
Writing qualiying record 31-RainBow......
Writing qualiying record 32-Ta1ko......
Writing qualiying record 33-GG bond......
Writing qualiying record 34-188066......
Writing qualiying record 35-magpie......
Writing qualiying record 36-Perfect......
Writing qualiying record 37-yeye......
Writing qualiying record 38-taka10969......
Writing qualiying record 39-RROY......


---------------------------- R02-Australia ---------------------------

------------------ A1-Australia ------------------

Fetching qualiying data A1-Australia......

Writing qualiying record 1-Suburbanite......
Writing qualiying record 2-mushimu......
Writing qualiying record 3-CM401ASM......
Writing qualiying record 4-az......
Writing qualiying record 5-SHZ......
Writing qualiying record 6-wofa......
Writing qualiying record 7-h0nestly......
Writing qualiying record 8-Legal......
Writing qualiying record 9-Head brother......
Writing qualiying record 10-Lucylsy......
Writing qualiying record 11-Kogasa......
Writing qualiying record 12-zbk......
Writing qualiying record 13-SHMJimmy......
Writing qualiying record 14-Mysery......
Writing qualiying record 15-Seb V5......
Writing qualiying record 16-bomber-20......
Writing qualiying record 17-Ayanami......
Writing qualiying record 18-i4foru......

Fetching race data A1-Australia......

Writing race record 1-Suburbanite......
Writing race record 2-az......
Writing race record 3-mushimu......
Writing race record 4-Lucylsy......
Writing race record 5-Head brother......
Writing race record 6-Kogasa......
Writing race record 7-zbk......
Writing race record 8-SHMJimmy......
Writing race record 9-Mysery......
Writing race record 10-SHZ......
Writing race record 11-Seb V5......
Writing race record 12-Legal......
Writing race record 13-wofa......
Writing race record 14-h0nestly......
Writing race record 15-bomber-20......
Writing race record 16-i4foru......
Writing race record 17-Ayanami......
Writing race record 18-CM401ASM......

Fetching race FL data A1-Australia......
Writing race FL data A1-Australia......

------------------ A2-Australia ------------------

Fetching qualiying data A2-Australia......

Writing qualiying record 1-SHZ......
Writing qualiying record 2-tinnycatty809yhb......
Writing qualiying record 3-Go7D3n WEST 999......
Writing qualiying record 4-jack......
Writing qualiying record 5-Y......
Writing qualiying record 6-YakumoCC......
Writing qualiying record 7-Ayanami......
Writing qualiying record 8-Wilson Leclerc......
Writing qualiying record 9-Mikko......
Writing qualiying record 10-i4foru......
Writing qualiying record 11-hhhzw......
Writing qualiying record 12-KINGBOB......
Writing qualiying record 13-LINGJ......
Writing qualiying record 14-Complexy......
Writing qualiying record 15-RainBow......
Writing qualiying record 16-Charlotte Amor......
Writing qualiying record 17-Lugo......
Writing qualiying record 18-M4......
Writing qualiying record 19-HanyueYY......

Fetching race data A2-Australia......

Writing race record 1-jack......
Writing race record 2-Ayanami......
Writing race record 3-HanyueYY......
Writing race record 4-Go7D3n WEST 999......
Writing race record 5-tinnycatty809yhb......
Writing race record 6-LINGJ......
Writing race record 7-Lugo......
Writing race record 8-Mikko......
Writing race record 9-RainBow......
Writing race record 10-Complexy......
Writing race record 11-Y......
Writing race record 12-M4......
Writing race record 13-YakumoCC......
Writing race record 14-Wilson Leclerc......
Writing race record 15-i4foru......
Writing race record 16-SHZ......
Writing race record 17-hhhzw......
Writing race record 18-KINGBOB......
Writing race record 19-Charlotte Amor......

Fetching race FL data A2-Australia......
Writing race FL data A2-Australia......

------------------ A3-Australia ------------------

Fetching qualiying data A3-Australia......

Writing qualiying record 1-LandoRicciardo......
Writing qualiying record 2-magpie......
Writing qualiying record 3-Mike.XYL......
Writing qualiying record 4-g eight......
Writing qualiying record 5-GG bond......
Writing qualiying record 6-Ta1ko......
Writing qualiying record 7-Perfect......
Writing qualiying record 8-yeye......
Writing qualiying record 9-taka10969......
Writing qualiying record 10-sharkbee......

Fetching race data A3-Australia......

Writing race record 1-g eight......
Writing race record 2-LandoRicciardo......
Writing race record 3-sharkbee......
Writing race record 4-Mike.XYL......
Writing race record 5-Perfect......
Writing race record 6-taka10969......
Writing race record 7-Ta1ko......
Writing race record 8-GG bond......
Writing race record 9-magpie......
Writing race record 10-yeye......

Fetching race FL data A3-Australia......
Writing race FL data A3-Australia......

----------------- Whole-Australia ----------------

Fetching qualiying data Whole-Australia......

Writing qualiying record 1-Suburbanite......
Writing qualiying record 2-mushimu......
Writing qualiying record 3-SHZ......
Writing qualiying record 4-CM401ASM......
Writing qualiying record 5-az......
Writing qualiying record 6-SHZ......
Writing qualiying record 7-wofa......
Writing qualiying record 8-tinnycatty809yhb......
Writing qualiying record 9-h0nestly......
Writing qualiying record 10-Legal......
Writing qualiying record 11-Go7D3n WEST 999......
Writing qualiying record 12-jack......
Writing qualiying record 13-Head brother......
Writing qualiying record 14-Y......
Writing qualiying record 15-Lucylsy......
Writing qualiying record 16-YakumoCC......
Writing qualiying record 17-Ayanami......
Writing qualiying record 18-Kogasa......
Writing qualiying record 19-zbk......
Writing qualiying record 20-Wilson Leclerc......
Writing qualiying record 21-LandoRicciardo......
Writing qualiying record 22-magpie......
Writing qualiying record 23-SHMJimmy......
Writing qualiying record 24-Mikko......
Writing qualiying record 25-Mysery......
Writing qualiying record 26-Mike.XYL......
Writing qualiying record 27-i4foru......
Writing qualiying record 28-hhhzw......
Writing qualiying record 29-KINGBOB......
Writing qualiying record 30-LINGJ......
Writing qualiying record 31-Complexy......
Writing qualiying record 32-RainBow......
Writing qualiying record 33-g eight......
Writing qualiying record 34-GG bond......
Writing qualiying record 35-Ta1ko......
Writing qualiying record 36-Perfect......
Writing qualiying record 37-yeye......
Writing qualiying record 38-Charlotte Amor......
Writing qualiying record 39-taka10969......
Writing qualiying record 40-Ayanami......
Writing qualiying record 41-sharkbee......
Writing qualiying record 42-HanyueYY......
Writing qualiying record 43-M4......
Writing qualiying record 44-Lugo......
Writing qualiying record 45-Seb V5......
Writing qualiying record 46-bomber-20......
Writing qualiying record 47-i4foru......


--------------------------- R03-San Marino ---------------------------

------------------ A1-San Marino -----------------

Fetching qualiying data A1-San Marino......

Writing qualiying record 1-Suburbanite......
Writing qualiying record 2-SHMJimmy......
Writing qualiying record 3-wofa......
Writing qualiying record 4-CM401ASM......
Writing qualiying record 5-zbk......
Writing qualiying record 6-Ayanami......
Writing qualiying record 7-Head brother......
Writing qualiying record 8-333......
Writing qualiying record 9-SHZ......
Writing qualiying record 10-tinnycatty809yhb......
Writing qualiying record 11-Seb V5......
Writing qualiying record 12-Livistar......
Writing qualiying record 13-i4foru......

Fetching race data A1-San Marino......

Writing race record 1-CM401ASM......
Writing race record 2-Seb V5......
Writing race record 3-Suburbanite......
Writing race record 4-zbk......
Writing race record 5-SHZ......
Writing race record 6-SHMJimmy......
Writing race record 7-tinnycatty809yhb......
Writing race record 8-Livistar......
Writing race record 9-333......
Writing race record 10-Head brother......
Writing race record 11-Ayanami......
Writing race record 12-wofa......
Writing race record 13-i4foru......

Fetching race FL data A1-San Marino......
Writing race FL data A1-San Marino......

------------------ A2-San Marino -----------------

Fetching qualiying data A2-San Marino......

Writing qualiying record 1-Ayanami......
Writing qualiying record 2-Wilson Leclerc......
Writing qualiying record 3-Mikko......
Writing qualiying record 4-HanyueYY......
Writing qualiying record 5-PPJACK......
Writing qualiying record 6-YakumoCC......
Writing qualiying record 7-Y......
Writing qualiying record 8-LandoRicciardo......
Writing qualiying record 9-tinnycatty809yhb......
Writing qualiying record 10-jack......
Writing qualiying record 11-hhhzw......
Writing qualiying record 12-KINGBOB......
Writing qualiying record 13-Charles Jiang......
Writing qualiying record 14-i4foru......
Writing qualiying record 15-RainBow......
Writing qualiying record 16-dasu......
Writing qualiying record 17-Lugo......
Writing qualiying record 18-Charlotte Amor......
Writing qualiying record 19-Go7D3n WEST 999......
Writing qualiying record 20-magpie......

Fetching race data A2-San Marino......

Writing race record 1-Mikko......
Writing race record 2-HanyueYY......
Writing race record 3-KINGBOB......
Writing race record 4-Y......
Writing race record 5-magpie......
Writing race record 6-Go7D3n WEST 999......
Writing race record 7-hhhzw......
Writing race record 8-Charles Jiang......
Writing race record 9-jack......
Writing race record 10-YakumoCC......
Writing race record 11-LandoRicciardo......
Writing race record 12-PPJACK......
Writing race record 13-tinnycatty809yhb......
Writing race record 14-i4foru......
Writing race record 15-RainBow......
Writing race record 16-Charlotte Amor......
Writing race record 17-Lugo......
Writing race record 18-Ayanami......
Writing race record 19-Wilson Leclerc......
Writing race record 20-dasu......

Fetching race FL data A2-San Marino......
Writing race FL data A2-San Marino......

------------------ A3-San Marino -----------------

Fetching qualiying data A3-San Marino......

Writing qualiying record 1-LandoRicciardo......
Writing qualiying record 2-sharkbee......
Writing qualiying record 3-wen......
Writing qualiying record 4-magpie......
Writing qualiying record 5-Perfect......
Writing qualiying record 6-WANWANJU......
Writing qualiying record 7-Ta1ko......
Writing qualiying record 8-188066......
Writing qualiying record 9-yeye......
Writing qualiying record 10-taka10969......
Writing qualiying record 11-GG bond......

Fetching race data A3-San Marino......

Writing race record 1-LandoRicciardo......
Writing race record 2-sharkbee......
Writing race record 3-Ta1ko......
Writing race record 4-GG Bond......
Writing race record 5-188066......
Writing race record 6-yeye......
Writing race record 7-magpie......
Writing race record 8-taka10969......
Writing race record 9-wen......
Writing race record 10-WANWANJU......
Writing race record 11-Perfect......

Fetching race FL data A3-San Marino......
Writing race FL data A3-San Marino......

---------------- Whole-San Marino ----------------

Fetching qualiying data Whole-San Marino......

Writing qualiying record 1-Suburbanite......
Writing qualiying record 2-SHMJimmy......
Writing qualiying record 3-wofa......
Writing qualiying record 4-CM401ASM......
Writing qualiying record 5-zbk......
Writing qualiying record 6-Ayanami......
Writing qualiying record 7-Ayanami......
Writing qualiying record 8-Wilson Leclerc......
Writing qualiying record 9-LandoRicciardo......
Writing qualiying record 10-Mikko......
Writing qualiying record 11-Head brother......
Writing qualiying record 12-HanyueYY......
Writing qualiying record 13-333......
Writing qualiying record 14-SHZ......
Writing qualiying record 15-PPJACK......
Writing qualiying record 16-YakumoCC......
Writing qualiying record 17-tinnycatty809yhb......
Writing qualiying record 18-Y......
Writing qualiying record 19-LandoRicciardo......
Writing qualiying record 20-tinnycatty809yhb......
Writing qualiying record 21-sharkbee......
Writing qualiying record 22-jack......
Writing qualiying record 23-wen......
Writing qualiying record 24-Seb V5......
Writing qualiying record 25-hhhzw......
Writing qualiying record 26-KINGBOB......
Writing qualiying record 27-Charles Jiang......
Writing qualiying record 28-i4foru......
Writing qualiying record 29-magpie......
Writing qualiying record 30-Livistar......
Writing qualiying record 31-RainBow......
Writing qualiying record 32-Perfect......
Writing qualiying record 33-WANWANJU......
Writing qualiying record 34-i4foru......
Writing qualiying record 35-dasu......
Writing qualiying record 36-Ta1ko......
Writing qualiying record 37-188066......
Writing qualiying record 38-Lugo......
Writing qualiying record 39-yeye......
Writing qualiying record 40-taka10969......
Writing qualiying record 41-Charlotte Amor......
Writing qualiying record 42-Go7D3n WEST 999......
Writing qualiying record 43-magpie......
Writing qualiying record 44-GG bond......


------------------------------ R04-Spain -----------------------------

-------------------- A1-Spain --------------------

Fetching qualiying data A1-Spain......

Writing qualiying record 1-Mushi......
Writing qualiying record 2-Suburbanite......
Writing qualiying record 3-Quick Nick......
Writing qualiying record 4-zbk......
Writing qualiying record 5-bomber-20......
Writing qualiying record 6-mushimu......
Writing qualiying record 7-LHAM66......
Writing qualiying record 8-Asuka......
Writing qualiying record 9-Alick......
Writing qualiying record 10-RROY......
Writing qualiying record 11-Garland......
Writing qualiying record 12-Livistar......
Writing qualiying record 13-Wilson Leclerc......
Writing qualiying record 14-Kogasa......
Writing qualiying record 15-lingerr......
Writing qualiying record 16-Head brother......
Writing qualiying record 17-SHZ......

Fetching race data A1-Spain......

Writing race record 1-Mushi......
Writing race record 2-Suburbanite......
Writing race record 3-mushimu......
Writing race record 4-Alick......
Writing race record 5-LHAM66......
Writing race record 6-Livistar......
Writing race record 7-bomber-20......
Writing race record 8-Asuka......
Writing race record 9-Garland......
Writing race record 10-SHZ......
Writing race record 11-RROY......
Writing race record 12-Head brother......
Writing race record 13-lingerr......
Writing race record 14-Kogasa......
Writing race record 15-Wilson Leclerc......
Writing race record 16-zbk......
Writing race record 17-Quick Nick......

Fetching race FL data A1-Spain......
Writing race FL data A1-Spain......

-------------------- A2-Spain --------------------

Fetching qualiying data A2-Spain......

Writing qualiying record 1-Wilson Leclerc......
Writing qualiying record 2-Go7D3n WEST 999......
Writing qualiying record 3-Niraschtoe......
Writing qualiying record 4-tinnycatty809yhb......
Writing qualiying record 5-Ayanami......
Writing qualiying record 6-YakumoCC......
Writing qualiying record 7-HanyueYY......
Writing qualiying record 8-ZghosT......
Writing qualiying record 9-jack......
Writing qualiying record 10-firezai......
Writing qualiying record 11-dasu......
Writing qualiying record 12-KINGBOB......
Writing qualiying record 13-i4foru......
Writing qualiying record 14-Y......
Writing qualiying record 15-LINGJ......
Writing qualiying record 16-RainBow......
Writing qualiying record 17-Joji......
Writing qualiying record 18-Lugo......
Writing qualiying record 19-Mikko......
Writing qualiying record 20-magpie......

Fetching race data A2-Spain......

Writing race record 1-Niraschtoe......
Writing race record 2-YakumoCC......
Writing race record 3-ZghosT......
Writing race record 4-HanyueYY......
Writing race record 5-jack......
Writing race record 6-magpie......
Writing race record 7-LINGJ......
Writing race record 8-tinnycatty809yhb......
Writing race record 9-Mikko......
Writing race record 10-firezai......
Writing race record 11-KINGBOB......
Writing race record 12-RainBow......
Writing race record 13-dasu......
Writing race record 14-Ayanami......
Writing race record 15-Go7D3n WEST 999......
Writing race record 16-i4foru......
Writing race record 17-Wilson Leclerc......
Writing race record 18-Y......
Writing race record 19-Joji......
Writing race record 20-Lugo......

Fetching race FL data A2-Spain......
Writing race FL data A2-Spain......

-------------------- A3-Spain --------------------

Fetching qualiying data A3-Spain......

Writing qualiying record 1-g eight......
Writing qualiying record 2-188066......
Writing qualiying record 3-Ta1ko......
Writing qualiying record 4-yeye......
Writing qualiying record 5-taka10969......
Writing qualiying record 6-magpie......
Writing qualiying record 7-GG Bond......
Writing qualiying record 8-Perfect......

Fetching race data A3-Spain......

Writing race record 1-g eight......
Writing race record 2-magpie......
Writing race record 3-188066......
Writing race record 4-Perfect......
Writing race record 5-yeye......
Writing race record 6-Ta1ko......
Writing race record 7-taka10969......
Writing race record 8-GG Bond......

Fetching race FL data A3-Spain......
Writing race FL data A3-Spain......

------------------- Whole-Spain ------------------

Fetching qualiying data Whole-Spain......

Writing qualiying record 1-Mushi......
Writing qualiying record 2-Suburbanite......
Writing qualiying record 3-Quick Nick......
Writing qualiying record 4-zbk......
Writing qualiying record 5-bomber-20......
Writing qualiying record 6-mushimu......
Writing qualiying record 7-LHAM66......
Writing qualiying record 8-Asuka......
Writing qualiying record 9-Wilson Leclerc......
Writing qualiying record 10-Alick......
Writing qualiying record 11-Go7D3n WEST 999......
Writing qualiying record 12-RROY......
Writing qualiying record 13-Garland......
Writing qualiying record 14-Niraschtoe......
Writing qualiying record 15-Livistar......
Writing qualiying record 16-tinnycatty809yhb......
Writing qualiying record 17-Wilson Leclerc......
Writing qualiying record 18-Ayanami......
Writing qualiying record 19-YakumoCC......
Writing qualiying record 20-HanyueYY......
Writing qualiying record 21-ZghosT......
Writing qualiying record 22-jack......
Writing qualiying record 23-firezai......
Writing qualiying record 24-dasu......
Writing qualiying record 25-KINGBOB......
Writing qualiying record 26-i4foru......
Writing qualiying record 27-Y......
Writing qualiying record 28-LINGJ......
Writing qualiying record 29-Kogasa......
Writing qualiying record 30-RainBow......
Writing qualiying record 31-lingerr......
Writing qualiying record 32-Joji......
Writing qualiying record 33-Lugo......
Writing qualiying record 34-g eight......
Writing qualiying record 35-188066......
Writing qualiying record 36-Ta1ko......
Writing qualiying record 37-yeye......
Writing qualiying record 38-taka10969......
Writing qualiying record 39-magpie......
Writing qualiying record 40-GG Bond......
Writing qualiying record 41-SHZ......
Writing qualiying record 42-Perfect......
Writing qualiying record 43-magpie......
Writing qualiying record 44-Mikko......
Writing qualiying record 45-Head brother......


--------------------------- R05-Azerbaijan ---------------------------

------------------ A1-Azerbaijan -----------------

Fetching qualiying data A1-Azerbaijan......

Writing qualiying record 1-Suburbanite......
Writing qualiying record 2-bomber-20......
Writing qualiying record 3-Mushi......
Writing qualiying record 4-Wilson Leclerc......
Writing qualiying record 5-SHMJimmy......
Writing qualiying record 6-mushimu......
Writing qualiying record 7-Asuka......
Writing qualiying record 8-Garland......
Writing qualiying record 9-Alick......
Writing qualiying record 10-Quick Nick......
Writing qualiying record 11-Jakewislet......
Writing qualiying record 12-Head brother......
Writing qualiying record 13-zbk......
Writing qualiying record 14-Livistar......
Writing qualiying record 15-LandoRicciardo......
Writing qualiying record 16-RROY......
Writing qualiying record 17-tinnycatty809yhb......
Writing qualiying record 18-Kogasa......
Writing qualiying record 19-BBNIZI......
Writing qualiying record 20-Seb V5......

Fetching race data A1-Azerbaijan......

Writing race record 1-Suburbanite......
Writing race record 2-Quick Nick......
Writing race record 3-Asuka......
Writing race record 4-Mushi......
Writing race record 5-mushimu......
Writing race record 6-Alick......
Writing race record 7-LandoRicciardo......
Writing race record 8-RROY......
Writing race record 9-bomber-20......
Writing race record 10-Garland......
Writing race record 11-tinnycatty809yhb......
Writing race record 12-Jakewislet......
Writing race record 13-SHMJimmy......
Writing race record 14-BBNIZI......
Writing race record 15-Seb V5......
Writing race record 16-Livistar......
Writing race record 17-Head brother......
Writing race record 18-Wilson Leclerc......
Writing race record 19-zbk......
Writing race record 20-Kogasa......

Fetching race FL data A1-Azerbaijan......
Writing race FL data A1-Azerbaijan......

------------------ A2-Azerbaijan -----------------

Fetching qualiying data A2-Azerbaijan......

Writing qualiying record 1-hhhzw......
Writing qualiying record 2-Y......
Writing qualiying record 3-Ayanami......
Writing qualiying record 4-YakumoCC......
Writing qualiying record 5-Mikko......
Writing qualiying record 6-lingerr......
Writing qualiying record 7-i4foru......
Writing qualiying record 8-HanyueYY......
Writing qualiying record 9-BBNIZI......
Writing qualiying record 10-Jack......
Writing qualiying record 11-Ta1ko......
Writing qualiying record 12-GROSJEAN......
Writing qualiying record 13-LINGJ......
Writing qualiying record 14-ZghosT......
Writing qualiying record 15-RainBow......
Writing qualiying record 16-dasu......
Writing qualiying record 17-KINGBOB......

Fetching race data A2-Azerbaijan......

Writing race record 1-Y......
Writing race record 2-YakumoCC......
Writing race record 3-Ta1ko......
Writing race record 4-Jack......
Writing race record 5-ZghosT......
Writing race record 6-Ayanami......
Writing race record 7-BBNIZI......
Writing race record 8-hhhzw......
Writing race record 9-lingerr......
Writing race record 10-HanyueYY......
Writing race record 11-KINGBOB......
Writing race record 12-Mikko......
Writing race record 13-RainBow......
Writing race record 14-LINGJ......
Writing race record 15-GROSJEAN......
Writing race record 16-dasu......
Writing race record 17-i4foru......

Fetching race FL data A2-Azerbaijan......
Writing race FL data A2-Azerbaijan......

------------------ A3-Azerbaijan -----------------

Fetching qualiying data A3-Azerbaijan......

Writing qualiying record 1-Ta1ko......
Writing qualiying record 2-wen......
Writing qualiying record 3-GG bond......
Writing qualiying record 4-188066......
Writing qualiying record 5-sharkbee......
Writing qualiying record 6-WackY......
Writing qualiying record 7-yeye......
Writing qualiying record 8-taka10969......

Fetching race data A3-Azerbaijan......

Writing race record 1-GG bond......
Writing race record 2-sharkbee......
Writing race record 3-188066......
Writing race record 4-WackY......
Writing race record 5-yeye......
Writing race record 6-Ta1ko......
Writing race record 7-wen......
Writing race record 8-taka10969......

Fetching race FL data A3-Azerbaijan......
Writing race FL data A3-Azerbaijan......

---------------- Whole-Azerbaijan ----------------

Fetching qualiying data Whole-Azerbaijan......

Writing qualiying record 1-Suburbanite......
Writing qualiying record 2-bomber-20......
Writing qualiying record 3-Mushi......
Writing qualiying record 4-Wilson Leclerc......
Writing qualiying record 5-SHMJimmy......
Writing qualiying record 6-mushimu......
Writing qualiying record 7-hhhzw......
Writing qualiying record 8-Asuka......
Writing qualiying record 9-Garland......
Writing qualiying record 10-Alick......
Writing qualiying record 11-Quick Nick......
Writing qualiying record 12-Jakewislet......
Writing qualiying record 13-Head brother......
Writing qualiying record 14-Y......
Writing qualiying record 15-Ayanami......
Writing qualiying record 16-YakumoCC......
Writing qualiying record 17-Mikko......
Writing qualiying record 18-zbk......
Writing qualiying record 19-Livistar......
Writing qualiying record 20-lingerr......
Writing qualiying record 21-LandoRicciardo......
Writing qualiying record 22-RROY......
Writing qualiying record 23-Ta1ko......
Writing qualiying record 24-i4foru......
Writing qualiying record 25-wen......
Writing qualiying record 26-tinnycatty809yhb......
Writing qualiying record 27-GG bond......
Writing qualiying record 28-HanyueYY......
Writing qualiying record 29-BBNIZI......
Writing qualiying record 30-188066......
Writing qualiying record 31-Jack......
Writing qualiying record 32-Ta1ko......
Writing qualiying record 33-GROSJEAN......
Writing qualiying record 34-sharkbee......
Writing qualiying record 35-LINGJ......
Writing qualiying record 36-ZghosT......
Writing qualiying record 37-RainBow......
Writing qualiying record 38-WackY......
Writing qualiying record 39-dasu......
Writing qualiying record 40-yeye......
Writing qualiying record 41-KINGBOB......
Writing qualiying record 42-Seb V5......
Writing qualiying record 43-BBNIZI......
Writing qualiying record 44-Kogasa......
Writing qualiying record 45-taka10969......


----------------------------- R06-Britain ----------------------------

------------------- A1-Britain -------------------

Fetching qualiying data A1-Britain......

Writing qualiying record 1-shotsbaldwin......
Writing qualiying record 2-Suburbanite......
Writing qualiying record 3-Quick Nick......
Writing qualiying record 4-az......
Writing qualiying record 5-Mercedes-HUO......
Writing qualiying record 6-Seb V5......
Writing qualiying record 7-Alick......
Writing qualiying record 8-CM401ASM......
Writing qualiying record 9-mushimu......
Writing qualiying record 10-SHMJimmy......
Writing qualiying record 11-Legal......
Writing qualiying record 12-Asuka......
Writing qualiying record 13-Garland......
Writing qualiying record 14-zbk......
Writing qualiying record 15-Kogasa......
Writing qualiying record 16-SHZ......
Writing qualiying record 17-kirito......
Writing qualiying record 18-Head brother......
Writing qualiying record 19-Livistar......
Writing qualiying record 20-wofa......

Fetching race data A1-Britain......

Writing race record 1-Suburbanite......
Writing race record 2-shotsbaldwin......
Writing race record 3-az......
Writing race record 4-Quick Nick......
Writing race record 5-Seb V5......
Writing race record 6-Legal......
Writing race record 7-wofa......
Writing race record 8-mushimu......
Writing race record 9-Mercedes-HUO......
Writing race record 10-SHMJimmy......
Writing race record 11-Garland......
Writing race record 12-zbk......
Writing race record 13-Livistar......
Writing race record 14-CM401ASM......
Writing race record 15-Asuka......
Writing race record 16-Kogasa......
Writing race record 17-kirito......
Writing race record 18-SHZ......
Writing race record 19-Head brother......
Writing race record 20-Alick......

Fetching race FL data A1-Britain......
Writing race FL data A1-Britain......

------------------- A2-Britain -------------------

Fetching qualiying data A2-Britain......

Writing qualiying record 1-Mikko......
Writing qualiying record 2-Y......
Writing qualiying record 3-YakumoCC......
Writing qualiying record 4-Jack......
Writing qualiying record 5-Ayanami......
Writing qualiying record 6-LandoRicciardo......
Writing qualiying record 7-GROSJEAN......
Writing qualiying record 8-hhhzw......
Writing qualiying record 9-HanyueYY......
Writing qualiying record 10-tinnycatty809yhb......
Writing qualiying record 11-RainBow......
Writing qualiying record 12-Promise......
Writing qualiying record 13-ZghosT......
Writing qualiying record 14-guagua......
Writing qualiying record 15-LINGJ......
Writing qualiying record 16-dasu......
Writing qualiying record 17-Ta1ko......
Writing qualiying record 18-magpie......
Writing qualiying record 19-i4foru......
Writing qualiying record 20-PPJACK......

Fetching race data A2-Britain......

Writing race record 1-Ayanami......
Writing race record 2-GROSJEAN......
Writing race record 3-tinnycatty809yhb......
Writing race record 4-YakumoCC......
Writing race record 5-Mikko......
Writing race record 6-LandoRicciardo......
Writing race record 7-Y......
Writing race record 8-HanyueYY......
Writing race record 9-Jack......
Writing race record 10-ZghosT......
Writing race record 11-hhhzw......
Writing race record 12-Promise......
Writing race record 13-LINGJ......
Writing race record 14-i4foru......
Writing race record 15-magpie......
Writing race record 16-PPJACK......
Writing race record 17-Ta1ko......
Writing race record 18-RainBow......
Writing race record 19-guagua......
Writing race record 20-dasu......

Fetching race FL data A2-Britain......
Writing race FL data A2-Britain......

------------------- A3-Britain -------------------

Fetching qualiying data A3-Britain......

Writing qualiying record 1-wen......
Writing qualiying record 2-Ta1ko......
Writing qualiying record 3-GG bond......
Writing qualiying record 4-188066......
Writing qualiying record 5-WANWANJU......
Writing qualiying record 6-yeye......
Writing qualiying record 7-taka10969......

Fetching race data A3-Britain......

Writing race record 1-wen......
Writing race record 2-WANWANJU......
Writing race record 3-Ta1ko......
Writing race record 4-188066......
Writing race record 5-taka10969......
Writing race record 6-GG bond......
Writing race record 7-yeye......

Fetching race FL data A3-Britain......
Writing race FL data A3-Britain......

------------------ Whole-Britain -----------------

Fetching qualiying data Whole-Britain......

Writing qualiying record 1-shotsbaldwin......
Writing qualiying record 2-Suburbanite......
Writing qualiying record 3-Quick Nick......
Writing qualiying record 4-az......
Writing qualiying record 5-Mercedes-HUO......
Writing qualiying record 6-Seb V5......
Writing qualiying record 7-Alick......
Writing qualiying record 8-CM401ASM......
Writing qualiying record 9-Mikko......
Writing qualiying record 10-mushimu......
Writing qualiying record 11-SHMJimmy......
Writing qualiying record 12-Legal......
Writing qualiying record 13-Asuka......
Writing qualiying record 14-Garland......
Writing qualiying record 15-zbk......
Writing qualiying record 16-Y......
Writing qualiying record 17-YakumoCC......
Writing qualiying record 18-wen......
Writing qualiying record 19-Jack......
Writing qualiying record 20-Ayanami......
Writing qualiying record 21-LandoRicciardo......
Writing qualiying record 22-GROSJEAN......
Writing qualiying record 23-hhhzw......
Writing qualiying record 24-HanyueYY......
Writing qualiying record 25-tinnycatty809yhb......
Writing qualiying record 26-RainBow......
Writing qualiying record 27-Promise......
Writing qualiying record 28-ZghosT......
Writing qualiying record 29-guagua......
Writing qualiying record 30-Kogasa......
Writing qualiying record 31-SHZ......
Writing qualiying record 32-LINGJ......
Writing qualiying record 33-Ta1ko......
Writing qualiying record 34-kirito......
Writing qualiying record 35-GG bond......
Writing qualiying record 36-dasu......
Writing qualiying record 37-188066......
Writing qualiying record 38-Ta1ko......
Writing qualiying record 39-magpie......
Writing qualiying record 40-WANWANJU......
Writing qualiying record 41-yeye......
Writing qualiying record 42-taka10969......
Writing qualiying record 43-PPJACK......
Writing qualiying record 44-i4foru......
Writing qualiying record 45-Head brother......
Writing qualiying record 46-Livistar......
Writing qualiying record 47-wofa......


Race result table save to file "AFR S10 成绩结算（R06 英国）.xlsx" complete





