---------------- Program launching ---------------
----------------- Generating log -----------------
Time: 2023-04-20 10:16:37
Program Version: AFR v8.0 DBmanager
PC System info: 
    System: Windows
    Node: StevenLi-DESKTOP
    Version: 10.0.19044
    Machine: AMD64
    Processor: Intel64 Family 6 Model 158 Stepping 10, GenuineIntel

creating table driverList......
creating table teamList......
creating table raceCalendar......
creating table driverLeaderBoard......
creating table constructorsLeaderBoard......
creating table licensePoint......
creating table qualiResult......
creating table raceResult......
creating table qualiraceFL......
creating table raceDirector......
creating table driverTransfer......
creating table registTable......
creating table replace......
creating table replace......
creating table replace......

Initializing database......

initializing race calendar......
Uploading race: 2023/2/12  A1  澳大利亚      Australia.........
Uploading race: 2023/2/19  A1  沙特        Saudi Arabia.........
Uploading race: 2023/2/26  A1  圣马力诺      San Marino.........
Uploading race: 2023/3/5   A1  春歇        Spring Break.........
Uploading race: 2023/3/12  A1  迈阿密       Miami.........
Uploading race: 2023/3/19  A1  阿塞拜疆      Azerbaijan.........
Uploading race: 2023/3/25  A1  加拿大       Canada.........
Uploading race: 2023/4/1   A1  春歇        Spring Break.........
Uploading race: 2023/4/8   A1  法国        France.........
Uploading race: 2023/4/15  A1  奥地利       Austria.........
Uploading race: 2023/4/22  A1  英国        Britain.........
Uploading race: 2023/4/29  A1  五一        Labours Day.........
Uploading race: 2023/5/6   A1  五一        Labours Day.........
Uploading race: 2023/5/13  A1  匈牙利       Hungary.........
Uploading race: 2023/5/20  A1  比利时       Belgium.........
Uploading race: 2023/5/27  A1  意大利       Italy.........
Uploading race: 2023/6/3   A1  夏休        Sumber Break.........
Uploading race: 2023/6/10  A1  新加坡       Singapore.........
Uploading race: 2023/6/17  A1  日本        Japan.........
Uploading race: 2023/6/24  A1  端午        DB Fest..........
Uploading race: 2023/7/1   A1  墨西哥       Mexico.........
Uploading race: 2023/7/8   A1  阿布扎比      Abu Dhabi.........
Uploading race: 2023/7/15  A1  巴西        Brazil.........
Uploading race: 2023/2/11  A2  澳大利亚      Australia.........
Uploading race: 2023/2/18  A2  沙特        Saudi Arabia.........
Uploading race: 2023/2/25  A2  圣马力诺      San Marino.........
Uploading race: 2023/3/4   A2  春歇        Spring Break.........
Uploading race: 2023/3/11  A2  迈阿密       Miami.........
Uploading race: 2023/3/18  A2  阿塞拜疆      Azerbaijan.........
Uploading race: 2023/3/24  A2  加拿大       Canada.........
Uploading race: 2023/3/31  A2  春歇        晴朗.........
Uploading race: 2023/4/7   A2  法国        France.........
Uploading race: 2023/4/14  A2  奥地利       Austria.........
Uploading race: 2023/4/21  A2  英国        Britain.........
Uploading race: 2023/4/28  A2  五一        晴朗.........
Uploading race: 2023/5/5   A2  五一        晴朗.........
Uploading race: 2023/5/12  A2  匈牙利       Hungary.........
Uploading race: 2023/5/19  A2  比利时       Belgium.........
Uploading race: 2023/5/26  A2  意大利       Italy.........
Uploading race: 2023/6/2   A2  夏休        晴朗.........
Uploading race: 2023/6/9   A2  新加坡       Singapore.........
Uploading race: 2023/6/16  A2  日本        Japan.........
Uploading race: 2023/6/23  A2  端午        晴朗.........
Uploading race: 2023/6/30  A2  墨西哥       Mexico.........
Uploading race: 2023/7/7   A2  阿布扎比      Abu Dhabi.........
Uploading race: 2023/7/14  A2  巴西        Brazil.........
Uploading race: 2023/2/10  A3  澳大利亚      Australia.........
Uploading race: 2023/2/17  A3  沙特        Saudi Arabia.........
Uploading race: 2023/2/24  A3  圣马力诺      San Marino.........
Uploading race: 2023/3/3   A3  春歇        Spring Break.........
Uploading race: 2023/3/10  A3  迈阿密       Miami.........
Uploading race: 2023/3/17  A3  阿塞拜疆      Azerbaijan.........
Uploading race: 2023/3/26  A3  加拿大       Canada.........
Uploading race: 2023/4/2   A3  春歇        晴朗.........
Uploading race: 2023/4/9   A3  法国        France.........
Uploading race: 2023/4/16  A3  奥地利       Austria.........
Uploading race: 2023/4/23  A3  英国        Britain.........
Uploading race: 2023/4/30  A3  五一        晴朗.........
Uploading race: 2023/5/7   A3  五一        晴朗.........
Uploading race: 2023/5/14  A3  匈牙利       Hungary.........
Uploading race: 2023/5/21  A3  比利时       Belgium.........
Uploading race: 2023/5/28  A3  意大利       Italy.........
Uploading race: 2023/6/4   A3  夏休        晴朗.........
Uploading race: 2023/6/11  A3  新加坡       Singapore.........
Uploading race: 2023/6/18  A3  日本        Japan.........
Uploading race: 2023/6/25  A3  端午        晴朗.........
Uploading race: 2023/7/2   A3  墨西哥       Mexico.........
Uploading race: 2023/7/9   A3  阿布扎比      Abu Dhabi.........
Uploading race: 2023/7/16  A3  巴西        Brazil.........

User choose not to initialize constructors leaderboard
User choose not to initialize LANusername table
initialze driver and constructor leaderboard.........
inserting column AUS
inserting column SAU
inserting column SMR
inserting column MIA
inserting column AZE
inserting column CAN
inserting column FRA
inserting column AUT
inserting column GBR
inserting column HUN
inserting column BEL
inserting column ITA
inserting column SGP
inserting column JPN
inserting column MEX
inserting column UAE
inserting column BRA

initialize qualirace FL table.........

season/database initialization complete!!!

Program exiting with code 0......





